{"total": {"lines":{"total":75,"covered":66,"skipped":0,"pct":88},"statements":{"total":92,"covered":81,"skipped":0,"pct":88.04},"functions":{"total":10,"covered":7,"skipped":0,"pct":70},"branches":{"total":39,"covered":38,"skipped":0,"pct":97.43},"branchesTrue":{"total":0,"covered":0,"skipped":0,"pct":100}}
,"/Users/citylivepark/Documents/project/generative-puzzle/utils/geometry/puzzleGeometry.ts": {"lines":{"total":46,"covered":37,"skipped":0,"pct":80.43},"functions":{"total":9,"covered":6,"skipped":0,"pct":66.66},"statements":{"total":63,"covered":52,"skipped":0,"pct":82.53},"branches":{"total":26,"covered":26,"skipped":0,"pct":100}}
,"/Users/citylivepark/Documents/project/generative-puzzle/utils/rendering/colorUtils.ts": {"lines":{"total":29,"covered":29,"skipped":0,"pct":100},"functions":{"total":1,"covered":1,"skipped":0,"pct":100},"statements":{"total":29,"covered":29,"skipped":0,"pct":100},"branches":{"total":13,"covered":12,"skipped":0,"pct":92.3}}
}
