{"/Users/citylivepark/Documents/project/generative-puzzle/utils/puzzle/cutGenerators.ts": {"path":"/Users/citylivepark/Documents/project/generative-puzzle/utils/puzzle/cutGenerators.ts","all":false,"statementMap":{"0":{"start":{"line":1,"column":0},"end":{"line":1,"column":3}},"1":{"start":{"line":2,"column":0},"end":{"line":2,"column":16}},"2":{"start":{"line":3,"column":0},"end":{"line":3,"column":3}},"3":{"start":{"line":4,"column":0},"end":{"line":4,"column":20}},"4":{"start":{"line":5,"column":0},"end":{"line":5,"column":46}},"5":{"start":{"line":6,"column":0},"end":{"line":6,"column":21}},"6":{"start":{"line":7,"column":0},"end":{"line":7,"column":24}},"7":{"start":{"line":8,"column":0},"end":{"line":8,"column":18}},"8":{"start":{"line":9,"column":0},"end":{"line":9,"column":3}},"9":{"start":{"line":10,"column":0},"end":{"line":10,"column":6}},"10":{"start":{"line":11,"column":0},"end":{"line":11,"column":17}},"11":{"start":{"line":12,"column":0},"end":{"line":12,"column":17}},"12":{"start":{"line":13,"column":0},"end":{"line":13,"column":12}},"13":{"start":{"line":14,"column":0},"end":{"line":14,"column":12}},"14":{"start":{"line":15,"column":0},"end":{"line":15,"column":11}},"15":{"start":{"line":16,"column":0},"end":{"line":16,"column":3}},"16":{"start":{"line":17,"column":0},"end":{"line":17,"column":0}},"17":{"start":{"line":18,"column":0},"end":{"line":18,"column":44}},"18":{"start":{"line":19,"column":0},"end":{"line":19,"column":9}},"19":{"start":{"line":20,"column":0},"end":{"line":20,"column":22}},"20":{"start":{"line":21,"column":0},"end":{"line":21,"column":22}},"21":{"start":{"line":22,"column":0},"end":{"line":22,"column":15}},"22":{"start":{"line":23,"column":0},"end":{"line":23,"column":23}},"23":{"start":{"line":24,"column":0},"end":{"line":24,"column":30}},"24":{"start":{"line":25,"column":0},"end":{"line":25,"column":9}},"25":{"start":{"line":26,"column":0},"end":{"line":26,"column":11}},"26":{"start":{"line":27,"column":0},"end":{"line":27,"column":10}},"27":{"start":{"line":28,"column":0},"end":{"line":28,"column":24}},"28":{"start":{"line":29,"column":0},"end":{"line":29,"column":21}},"29":{"start":{"line":30,"column":0},"end":{"line":30,"column":29}},"30":{"start":{"line":31,"column":0},"end":{"line":31,"column":9}},"31":{"start":{"line":32,"column":0},"end":{"line":32,"column":18}},"32":{"start":{"line":33,"column":0},"end":{"line":33,"column":26}},"33":{"start":{"line":34,"column":0},"end":{"line":34,"column":26}},"34":{"start":{"line":35,"column":0},"end":{"line":35,"column":24}},"35":{"start":{"line":36,"column":0},"end":{"line":36,"column":23}},"36":{"start":{"line":37,"column":0},"end":{"line":37,"column":32}},"37":{"start":{"line":38,"column":0},"end":{"line":38,"column":55}},"38":{"start":{"line":39,"column":0},"end":{"line":39,"column":62}},"39":{"start":{"line":40,"column":0},"end":{"line":40,"column":66}},"40":{"start":{"line":41,"column":0},"end":{"line":41,"column":0}},"41":{"start":{"line":42,"column":0},"end":{"line":42,"column":3}},"42":{"start":{"line":43,"column":0},"end":{"line":43,"column":13}},"43":{"start":{"line":44,"column":0},"end":{"line":44,"column":3}},"44":{"start":{"line":45,"column":0},"end":{"line":45,"column":24}},"45":{"start":{"line":46,"column":0},"end":{"line":46,"column":33}},"46":{"start":{"line":47,"column":0},"end":{"line":47,"column":47}},"47":{"start":{"line":48,"column":0},"end":{"line":48,"column":20}},"48":{"start":{"line":49,"column":0},"end":{"line":49,"column":3}},"49":{"start":{"line":50,"column":0},"end":{"line":50,"column":29}},"50":{"start":{"line":51,"column":0},"end":{"line":51,"column":18}},"51":{"start":{"line":52,"column":0},"end":{"line":52,"column":22}},"52":{"start":{"line":53,"column":0},"end":{"line":53,"column":31}},"53":{"start":{"line":54,"column":0},"end":{"line":54,"column":17}},"54":{"start":{"line":55,"column":0},"end":{"line":55,"column":9}},"55":{"start":{"line":56,"column":0},"end":{"line":56,"column":35}},"56":{"start":{"line":57,"column":0},"end":{"line":57,"column":35}},"57":{"start":{"line":58,"column":0},"end":{"line":58,"column":3}},"58":{"start":{"line":59,"column":0},"end":{"line":59,"column":2}},"59":{"start":{"line":60,"column":0},"end":{"line":60,"column":41}},"60":{"start":{"line":61,"column":0},"end":{"line":61,"column":55}},"61":{"start":{"line":62,"column":0},"end":{"line":62,"column":3}},"62":{"start":{"line":63,"column":0},"end":{"line":63,"column":2}},"63":{"start":{"line":64,"column":0},"end":{"line":64,"column":51}},"64":{"start":{"line":65,"column":0},"end":{"line":65,"column":68}},"65":{"start":{"line":66,"column":0},"end":{"line":66,"column":3}},"66":{"start":{"line":67,"column":0},"end":{"line":67,"column":2}},"67":{"start":{"line":68,"column":0},"end":{"line":68,"column":15}},"68":{"start":{"line":69,"column":0},"end":{"line":69,"column":50}},"69":{"start":{"line":70,"column":0},"end":{"line":70,"column":58}},"70":{"start":{"line":71,"column":0},"end":{"line":71,"column":2}},"71":{"start":{"line":72,"column":0},"end":{"line":72,"column":0}},"72":{"start":{"line":73,"column":0},"end":{"line":73,"column":15}},"73":{"start":{"line":74,"column":0},"end":{"line":74,"column":75}},"74":{"start":{"line":75,"column":0},"end":{"line":75,"column":51}},"75":{"start":{"line":76,"column":0},"end":{"line":76,"column":0}},"76":{"start":{"line":77,"column":0},"end":{"line":77,"column":14}},"77":{"start":{"line":78,"column":0},"end":{"line":78,"column":8}},"78":{"start":{"line":79,"column":0},"end":{"line":79,"column":18}},"79":{"start":{"line":80,"column":0},"end":{"line":80,"column":26}},"80":{"start":{"line":81,"column":0},"end":{"line":81,"column":26}},"81":{"start":{"line":82,"column":0},"end":{"line":82,"column":24}},"82":{"start":{"line":83,"column":0},"end":{"line":83,"column":23}},"83":{"start":{"line":84,"column":0},"end":{"line":84,"column":32}},"84":{"start":{"line":85,"column":0},"end":{"line":85,"column":0}},"85":{"start":{"line":86,"column":0},"end":{"line":86,"column":55}},"86":{"start":{"line":87,"column":0},"end":{"line":87,"column":62}},"87":{"start":{"line":88,"column":0},"end":{"line":88,"column":66}}},"s":{"0":1,"1":1,"2":1,"3":1,"4":1,"5":1,"6":1,"7":1,"8":1,"9":1,"10":1,"11":1,"12":1,"13":1,"14":1,"15":1,"16":1,"17":1,"18":1,"19":1,"20":1,"21":1,"22":1,"23":1,"24":1,"25":1,"26":1,"27":1,"28":1,"29":1,"30":1,"31":1,"32":1,"33":1,"34":1,"35":1,"36":1,"37":1,"38":1,"39":1,"40":1,"41":1,"42":1,"43":1,"44":1,"45":1,"46":1,"47":1,"48":1,"49":1,"50":1,"51":1,"52":1,"53":1,"54":1,"55":1,"56":1,"57":1,"58":1,"59":1,"60":116,"61":4,"62":4,"63":116,"64":116,"65":5,"66":5,"67":116,"68":116,"69":2,"70":2,"71":2,"72":116,"73":105,"74":105,"75":105,"76":105,"77":105,"78":1,"79":1,"80":1,"81":1,"82":1,"83":1,"84":1,"85":1,"86":1,"87":1},"branchMap":{"0":{"type":"branch","line":1,"loc":{"start":{"line":1,"column":0},"end":{"line":88,"column":66}},"locations":[{"start":{"line":1,"column":0},"end":{"line":88,"column":66}}]},"1":{"type":"branch","line":60,"loc":{"start":{"line":60,"column":8},"end":{"line":79,"column":4}},"locations":[{"start":{"line":60,"column":8},"end":{"line":79,"column":4}}]},"2":{"type":"branch","line":61,"loc":{"start":{"line":61,"column":24},"end":{"line":61,"column":43}},"locations":[{"start":{"line":61,"column":24},"end":{"line":61,"column":43}}]},"3":{"type":"branch","line":61,"loc":{"start":{"line":61,"column":45},"end":{"line":64,"column":29}},"locations":[{"start":{"line":61,"column":45},"end":{"line":64,"column":29}}]},"4":{"type":"branch","line":64,"loc":{"start":{"line":64,"column":29},"end":{"line":65,"column":1}},"locations":[{"start":{"line":64,"column":29},"end":{"line":65,"column":1}}]},"5":{"type":"branch","line":65,"loc":{"start":{"line":65,"column":1},"end":{"line":65,"column":18}},"locations":[{"start":{"line":65,"column":1},"end":{"line":65,"column":18}}]},"6":{"type":"branch","line":65,"loc":{"start":{"line":65,"column":20},"end":{"line":68,"column":11}},"locations":[{"start":{"line":65,"column":20},"end":{"line":68,"column":11}}]},"7":{"type":"branch","line":68,"loc":{"start":{"line":68,"column":11},"end":{"line":69,"column":24}},"locations":[{"start":{"line":68,"column":11},"end":{"line":69,"column":24}}]},"8":{"type":"branch","line":69,"loc":{"start":{"line":69,"column":24},"end":{"line":69,"column":46}},"locations":[{"start":{"line":69,"column":24},"end":{"line":69,"column":46}}]},"9":{"type":"branch","line":69,"loc":{"start":{"line":69,"column":48},"end":{"line":73,"column":14}},"locations":[{"start":{"line":69,"column":48},"end":{"line":73,"column":14}}]},"10":{"type":"branch","line":73,"loc":{"start":{"line":73,"column":14},"end":{"line":79,"column":3}},"locations":[{"start":{"line":73,"column":14},"end":{"line":79,"column":3}}]},"11":{"type":"branch","line":86,"loc":{"start":{"line":86,"column":41},"end":{"line":87,"column":47}},"locations":[{"start":{"line":86,"column":41},"end":{"line":87,"column":47}}]}},"b":{"0":[1],"1":[116],"2":[114],"3":[4],"4":[112],"5":[110],"6":[5],"7":[107],"8":[71],"9":[2],"10":[105],"11":[1]},"fnMap":{"0":{"name":"get","decl":{"start":{"line":39,"column":44},"end":{"line":40,"column":44}},"loc":{"start":{"line":39,"column":44},"end":{"line":40,"column":44}},"line":39},"1":{"name":"get","decl":{"start":{"line":46,"column":13},"end":{"line":47,"column":43}},"loc":{"start":{"line":46,"column":13},"end":{"line":47,"column":43}},"line":46},"2":{"name":"generateCuts","decl":{"start":{"line":60,"column":8},"end":{"line":79,"column":4}},"loc":{"start":{"line":60,"column":8},"end":{"line":79,"column":4}},"line":60},"3":{"name":"get","decl":{"start":{"line":86,"column":41},"end":{"line":87,"column":47}},"loc":{"start":{"line":86,"column":41},"end":{"line":87,"column":47}},"line":86}},"f":{"0":0,"1":0,"2":116,"3":1}}
}
