{"/Users/citylivepark/Documents/project/generative-puzzle/src/quality-system/QualitySystem.ts": {"path":"/Users/citylivepark/Documents/project/generative-puzzle/src/quality-system/QualitySystem.ts","statementMap":{"0":{"start":{"line":3,"column":0},"end":{"line":3,"column":55}},"1":{"start":{"line":26,"column":4},"end":{"line":26,"column":55}},"2":{"start":{"line":27,"column":4},"end":{"line":27,"column":70}},"3":{"start":{"line":28,"column":4},"end":{"line":28,"column":73}},"4":{"start":{"line":29,"column":4},"end":{"line":29,"column":50}},"5":{"start":{"line":30,"column":4},"end":{"line":30,"column":70}},"6":{"start":{"line":32,"column":4},"end":{"line":32,"column":51}},"7":{"start":{"line":37,"column":4},"end":{"line":47,"column":5}},"8":{"start":{"line":38,"column":6},"end":{"line":38,"column":57}},"9":{"start":{"line":40,"column":6},"end":{"line":45,"column":9}},"10":{"start":{"line":46,"column":6},"end":{"line":46,"column":18}},"11":{"start":{"line":51,"column":4},"end":{"line":61,"column":5}},"12":{"start":{"line":52,"column":6},"end":{"line":52,"column":62}},"13":{"start":{"line":54,"column":6},"end":{"line":59,"column":9}},"14":{"start":{"line":60,"column":6},"end":{"line":60,"column":18}},"15":{"start":{"line":65,"column":4},"end":{"line":75,"column":5}},"16":{"start":{"line":66,"column":6},"end":{"line":66,"column":58}},"17":{"start":{"line":68,"column":6},"end":{"line":73,"column":9}},"18":{"start":{"line":74,"column":6},"end":{"line":74,"column":18}},"19":{"start":{"line":79,"column":4},"end":{"line":89,"column":5}},"20":{"start":{"line":80,"column":6},"end":{"line":80,"column":63}},"21":{"start":{"line":82,"column":6},"end":{"line":87,"column":9}},"22":{"start":{"line":88,"column":6},"end":{"line":88,"column":18}},"23":{"start":{"line":93,"column":4},"end":{"line":103,"column":5}},"24":{"start":{"line":94,"column":6},"end":{"line":94,"column":50}},"25":{"start":{"line":96,"column":6},"end":{"line":101,"column":9}},"26":{"start":{"line":102,"column":6},"end":{"line":102,"column":18}},"27":{"start":{"line":108,"column":4},"end":{"line":121,"column":5}},"28":{"start":{"line":109,"column":6},"end":{"line":109,"column":50}},"29":{"start":{"line":110,"column":21},"end":{"line":110,"column":60}},"30":{"start":{"line":111,"column":6},"end":{"line":111,"column":82}},"31":{"start":{"line":112,"column":6},"end":{"line":112,"column":20}},"32":{"start":{"line":114,"column":6},"end":{"line":119,"column":9}},"33":{"start":{"line":120,"column":6},"end":{"line":120,"column":18}},"34":{"start":{"line":125,"column":4},"end":{"line":135,"column":5}},"35":{"start":{"line":126,"column":6},"end":{"line":126,"column":63}},"36":{"start":{"line":128,"column":6},"end":{"line":133,"column":9}},"37":{"start":{"line":134,"column":6},"end":{"line":134,"column":18}},"38":{"start":{"line":139,"column":4},"end":{"line":150,"column":5}},"39":{"start":{"line":140,"column":21},"end":{"line":140,"column":60}},"40":{"start":{"line":141,"column":6},"end":{"line":141,"column":68}},"41":{"start":{"line":143,"column":6},"end":{"line":148,"column":9}},"42":{"start":{"line":149,"column":6},"end":{"line":149,"column":18}},"43":{"start":{"line":159,"column":4},"end":{"line":190,"column":5}},"44":{"start":{"line":160,"column":6},"end":{"line":160,"column":49}},"45":{"start":{"line":162,"column":23},"end":{"line":167,"column":8}},"46":{"start":{"line":170,"column":25},"end":{"line":170,"column":72}},"47":{"start":{"line":170,"column":65},"end":{"line":170,"column":71}},"48":{"start":{"line":172,"column":6},"end":{"line":176,"column":8}},"49":{"start":{"line":178,"column":6},"end":{"line":183,"column":9}},"50":{"start":{"line":185,"column":6},"end":{"line":189,"column":8}},"51":{"start":{"line":195,"column":4},"end":{"line":200,"column":5}},"52":{"start":{"line":196,"column":6},"end":{"line":196,"column":58}},"53":{"start":{"line":198,"column":6},"end":{"line":198,"column":74}},"54":{"start":{"line":199,"column":6},"end":{"line":199,"column":16}},"55":{"start":{"line":204,"column":4},"end":{"line":204,"column":50}},"56":{"start":{"line":209,"column":4},"end":{"line":209,"column":53}},"57":{"start":{"line":211,"column":4},"end":{"line":211,"column":40}},"58":{"start":{"line":18,"column":0},"end":{"line":18,"column":13}},"59":{"start":{"line":216,"column":13},"end":{"line":216,"column":49}}},"fnMap":{"0":{"name":"(anonymous_7)","decl":{"start":{"line":25,"column":2},"end":{"line":25,"column":null}},"loc":{"start":{"line":25,"column":2},"end":{"line":33,"column":3}}},"1":{"name":"(anonymous_8)","decl":{"start":{"line":36,"column":8},"end":{"line":36,"column":18}},"loc":{"start":{"line":36,"column":42},"end":{"line":48,"column":null}}},"2":{"name":"(anonymous_10)","decl":{"start":{"line":50,"column":8},"end":{"line":50,"column":24}},"loc":{"start":{"line":50,"column":63},"end":{"line":62,"column":null}}},"3":{"name":"(anonymous_12)","decl":{"start":{"line":64,"column":8},"end":{"line":64,"column":18}},"loc":{"start":{"line":64,"column":51},"end":{"line":76,"column":null}}},"4":{"name":"(anonymous_14)","decl":{"start":{"line":78,"column":8},"end":{"line":78,"column":30}},"loc":{"start":{"line":78,"column":45},"end":{"line":90,"column":null}}},"5":{"name":"(anonymous_16)","decl":{"start":{"line":92,"column":8},"end":{"line":92,"column":19}},"loc":{"start":{"line":92,"column":19},"end":{"line":104,"column":null}}},"6":{"name":"(anonymous_18)","decl":{"start":{"line":107,"column":8},"end":{"line":107,"column":24}},"loc":{"start":{"line":107,"column":24},"end":{"line":122,"column":null}}},"7":{"name":"(anonymous_20)","decl":{"start":{"line":124,"column":8},"end":{"line":124,"column":24}},"loc":{"start":{"line":124,"column":24},"end":{"line":136,"column":null}}},"8":{"name":"(anonymous_22)","decl":{"start":{"line":138,"column":8},"end":{"line":138,"column":29}},"loc":{"start":{"line":138,"column":29},"end":{"line":151,"column":null}}},"9":{"name":"(anonymous_24)","decl":{"start":{"line":154,"column":8},"end":{"line":154,"column":23}},"loc":{"start":{"line":154,"column":23},"end":{"line":191,"column":null}}},"10":{"name":"(anonymous_26)","decl":{"start":{"line":170,"column":55},"end":{"line":170,"column":61}},"loc":{"start":{"line":170,"column":65},"end":{"line":170,"column":71}}},"11":{"name":"(anonymous_27)","decl":{"start":{"line":194,"column":8},"end":{"line":194,"column":26}},"loc":{"start":{"line":194,"column":26},"end":{"line":201,"column":null}}},"12":{"name":"(anonymous_29)","decl":{"start":{"line":203,"column":10},"end":{"line":203,"column":21}},"loc":{"start":{"line":203,"column":57},"end":{"line":205,"column":3}}},"13":{"name":"(anonymous_30)","decl":{"start":{"line":208,"column":8},"end":{"line":208,"column":16}},"loc":{"start":{"line":208,"column":16},"end":{"line":212,"column":null}}}},"branchMap":{"0":{"loc":{"start":{"line":173,"column":16},"end":{"line":173,"column":51}},"type":"cond-expr","locations":[{"start":{"line":173,"column":29},"end":{"line":173,"column":38}},{"start":{"line":173,"column":41},"end":{"line":173,"column":51}}]}},"s":{"0":1,"1":9,"2":9,"3":9,"4":9,"5":9,"6":9,"7":1,"8":1,"9":0,"10":0,"11":2,"12":2,"13":1,"14":1,"15":1,"16":1,"17":0,"18":0,"19":2,"20":2,"21":1,"22":1,"23":1,"24":1,"25":0,"26":0,"27":1,"28":1,"29":1,"30":1,"31":1,"32":0,"33":0,"34":1,"35":1,"36":0,"37":0,"38":1,"39":1,"40":1,"41":0,"42":0,"43":1,"44":1,"45":1,"46":1,"47":4,"48":1,"49":0,"50":0,"51":1,"52":1,"53":0,"54":0,"55":2,"56":8,"57":8,"58":1,"59":1},"f":{"0":9,"1":1,"2":2,"3":1,"4":2,"5":1,"6":1,"7":1,"8":1,"9":1,"10":4,"11":1,"12":2,"13":8},"b":{"0":[1,0]}}
,"/Users/citylivepark/Documents/project/generative-puzzle/src/quality-system/core/ServiceFactory.ts": {"path":"/Users/citylivepark/Documents/project/generative-puzzle/src/quality-system/core/ServiceFactory.ts","statementMap":{"0":{"start":{"line":15,"column":0},"end":{"line":15,"column":74}},"1":{"start":{"line":16,"column":0},"end":{"line":16,"column":76}},"2":{"start":{"line":17,"column":0},"end":{"line":17,"column":44}},"3":{"start":{"line":19,"column":0},"end":{"line":19,"column":94}},"4":{"start":{"line":23,"column":10},"end":{"line":23,"column":28}},"5":{"start":{"line":24,"column":10},"end":{"line":24,"column":32}},"6":{"start":{"line":25,"column":10},"end":{"line":25,"column":27}},"7":{"start":{"line":28,"column":4},"end":{"line":28,"column":34}},"8":{"start":{"line":32,"column":4},"end":{"line":32,"column":42}},"9":{"start":{"line":36,"column":4},"end":{"line":36,"column":34}},"10":{"start":{"line":40,"column":4},"end":{"line":40,"column":40}},"11":{"start":{"line":44,"column":4},"end":{"line":44,"column":26}},"12":{"start":{"line":48,"column":4},"end":{"line":48,"column":35}},"13":{"start":{"line":58,"column":4},"end":{"line":58,"column":65}},"14":{"start":{"line":62,"column":4},"end":{"line":62,"column":59}},"15":{"start":{"line":66,"column":4},"end":{"line":66,"column":64}},"16":{"start":{"line":70,"column":4},"end":{"line":70,"column":69}},"17":{"start":{"line":74,"column":4},"end":{"line":74,"column":73}},"18":{"start":{"line":80,"column":10},"end":{"line":80,"column":49}},"19":{"start":{"line":85,"column":4},"end":{"line":87,"column":5}},"20":{"start":{"line":86,"column":6},"end":{"line":86,"column":53}},"21":{"start":{"line":88,"column":4},"end":{"line":88,"column":35}},"22":{"start":{"line":92,"column":4},"end":{"line":96,"column":5}},"23":{"start":{"line":93,"column":21},"end":{"line":93,"column":37}},"24":{"start":{"line":94,"column":22},"end":{"line":94,"column":50}},"25":{"start":{"line":95,"column":6},"end":{"line":95,"column":86}},"26":{"start":{"line":97,"column":4},"end":{"line":97,"column":47}},"27":{"start":{"line":101,"column":4},"end":{"line":105,"column":5}},"28":{"start":{"line":102,"column":21},"end":{"line":102,"column":37}},"29":{"start":{"line":103,"column":22},"end":{"line":103,"column":50}},"30":{"start":{"line":104,"column":6},"end":{"line":104,"column":89}},"31":{"start":{"line":106,"column":4},"end":{"line":106,"column":49}},"32":{"start":{"line":110,"column":4},"end":{"line":113,"column":5}},"33":{"start":{"line":111,"column":22},"end":{"line":111,"column":50}},"34":{"start":{"line":112,"column":6},"end":{"line":112,"column":55}},"35":{"start":{"line":114,"column":4},"end":{"line":114,"column":39}},"36":{"start":{"line":118,"column":4},"end":{"line":122,"column":5}},"37":{"start":{"line":119,"column":21},"end":{"line":119,"column":37}},"38":{"start":{"line":120,"column":34},"end":{"line":120,"column":63}},"39":{"start":{"line":121,"column":6},"end":{"line":121,"column":104}},"40":{"start":{"line":123,"column":4},"end":{"line":123,"column":46}},"41":{"start":{"line":127,"column":4},"end":{"line":129,"column":5}},"42":{"start":{"line":128,"column":6},"end":{"line":128,"column":69}},"43":{"start":{"line":130,"column":4},"end":{"line":130,"column":44}},"44":{"start":{"line":134,"column":4},"end":{"line":136,"column":5}},"45":{"start":{"line":135,"column":6},"end":{"line":135,"column":71}},"46":{"start":{"line":137,"column":4},"end":{"line":137,"column":45}},"47":{"start":{"line":142,"column":4},"end":{"line":142,"column":67}},"48":{"start":{"line":146,"column":4},"end":{"line":146,"column":66}},"49":{"start":{"line":150,"column":4},"end":{"line":150,"column":64}},"50":{"start":{"line":155,"column":4},"end":{"line":155,"column":26}},"51":{"start":{"line":78,"column":0},"end":{"line":78,"column":13}}},"fnMap":{"0":{"name":"(anonymous_7)","decl":{"start":{"line":22,"column":0},"end":{"line":22,"column":6}},"loc":{"start":{"line":22,"column":0},"end":{"line":54,"column":1}}},"1":{"name":"(anonymous_8)","decl":{"start":{"line":27,"column":8},"end":{"line":27,"column":16}},"loc":{"start":{"line":27,"column":26},"end":{"line":29,"column":null}}},"2":{"name":"(anonymous_10)","decl":{"start":{"line":31,"column":8},"end":{"line":31,"column":16}},"loc":{"start":{"line":31,"column":31},"end":{"line":33,"column":null}}},"3":{"name":"(anonymous_12)","decl":{"start":{"line":35,"column":8},"end":{"line":35,"column":27}},"loc":{"start":{"line":35,"column":41},"end":{"line":37,"column":null}}},"4":{"name":"(anonymous_14)","decl":{"start":{"line":39,"column":8},"end":{"line":39,"column":28}},"loc":{"start":{"line":39,"column":42},"end":{"line":41,"column":null}}},"5":{"name":"(anonymous_16)","decl":{"start":{"line":43,"column":8},"end":{"line":43,"column":20}},"loc":{"start":{"line":43,"column":31},"end":{"line":45,"column":null}}},"6":{"name":"(anonymous_18)","decl":{"start":{"line":47,"column":8},"end":{"line":47,"column":22}},"loc":{"start":{"line":47,"column":49},"end":{"line":49,"column":null}}},"7":{"name":"(anonymous_20)","decl":{"start":{"line":51,"column":8},"end":{"line":51,"column":15}},"loc":{"start":{"line":51,"column":37},"end":{"line":53,"column":null}}},"8":{"name":"(anonymous_22)","decl":{"start":{"line":57,"column":8},"end":{"line":57,"column":28}},"loc":{"start":{"line":57,"column":87},"end":{"line":59,"column":null}}},"9":{"name":"(anonymous_24)","decl":{"start":{"line":61,"column":8},"end":{"line":61,"column":24}},"loc":{"start":{"line":61,"column":77},"end":{"line":63,"column":null}}},"10":{"name":"(anonymous_26)","decl":{"start":{"line":65,"column":8},"end":{"line":65,"column":26}},"loc":{"start":{"line":65,"column":62},"end":{"line":67,"column":null}}},"11":{"name":"(anonymous_28)","decl":{"start":{"line":69,"column":8},"end":{"line":69,"column":32}},"loc":{"start":{"line":69,"column":64},"end":{"line":71,"column":null}}},"12":{"name":"(anonymous_30)","decl":{"start":{"line":73,"column":8},"end":{"line":73,"column":36}},"loc":{"start":{"line":73,"column":68},"end":{"line":75,"column":null}}},"13":{"name":"(anonymous_32)","decl":{"start":{"line":82,"column":2},"end":{"line":82,"column":25}},"loc":{"start":{"line":82,"column":2},"end":{"line":82,"column":26}}},"14":{"name":"(anonymous_33)","decl":{"start":{"line":84,"column":2},"end":{"line":84,"column":8}},"loc":{"start":{"line":84,"column":20},"end":{"line":89,"column":3}}},"15":{"name":"(anonymous_34)","decl":{"start":{"line":91,"column":2},"end":{"line":91,"column":26}},"loc":{"start":{"line":91,"column":26},"end":{"line":98,"column":3}}},"16":{"name":"(anonymous_35)","decl":{"start":{"line":100,"column":2},"end":{"line":100,"column":27}},"loc":{"start":{"line":100,"column":27},"end":{"line":107,"column":3}}},"17":{"name":"(anonymous_36)","decl":{"start":{"line":109,"column":2},"end":{"line":109,"column":11}},"loc":{"start":{"line":109,"column":11},"end":{"line":115,"column":3}}},"18":{"name":"(anonymous_37)","decl":{"start":{"line":117,"column":2},"end":{"line":117,"column":25}},"loc":{"start":{"line":117,"column":25},"end":{"line":124,"column":3}}},"19":{"name":"(anonymous_38)","decl":{"start":{"line":126,"column":2},"end":{"line":126,"column":23}},"loc":{"start":{"line":126,"column":23},"end":{"line":131,"column":3}}},"20":{"name":"(anonymous_39)","decl":{"start":{"line":133,"column":2},"end":{"line":133,"column":24}},"loc":{"start":{"line":133,"column":24},"end":{"line":138,"column":3}}},"21":{"name":"(anonymous_40)","decl":{"start":{"line":141,"column":2},"end":{"line":141,"column":28}},"loc":{"start":{"line":141,"column":28},"end":{"line":143,"column":3}}},"22":{"name":"(anonymous_41)","decl":{"start":{"line":145,"column":2},"end":{"line":145,"column":27}},"loc":{"start":{"line":145,"column":27},"end":{"line":147,"column":3}}},"23":{"name":"(anonymous_42)","decl":{"start":{"line":149,"column":2},"end":{"line":149,"column":25}},"loc":{"start":{"line":149,"column":25},"end":{"line":151,"column":3}}},"24":{"name":"(anonymous_43)","decl":{"start":{"line":154,"column":2},"end":{"line":154,"column":15}},"loc":{"start":{"line":154,"column":15},"end":{"line":156,"column":3}}}},"branchMap":{"0":{"loc":{"start":{"line":32,"column":11},"end":{"line":32,"column":41}},"type":"binary-expr","locations":[{"start":{"line":32,"column":11},"end":{"line":32,"column":33}},{"start":{"line":32,"column":37},"end":{"line":32,"column":41}}]},"1":{"loc":{"start":{"line":85,"column":4},"end":{"line":87,"column":5}},"type":"if","locations":[{"start":{"line":85,"column":4},"end":{"line":87,"column":5}},{"start":{},"end":{}}]},"2":{"loc":{"start":{"line":92,"column":4},"end":{"line":96,"column":5}},"type":"if","locations":[{"start":{"line":92,"column":4},"end":{"line":96,"column":5}},{"start":{},"end":{}}]},"3":{"loc":{"start":{"line":101,"column":4},"end":{"line":105,"column":5}},"type":"if","locations":[{"start":{"line":101,"column":4},"end":{"line":105,"column":5}},{"start":{},"end":{}}]},"4":{"loc":{"start":{"line":110,"column":4},"end":{"line":113,"column":5}},"type":"if","locations":[{"start":{"line":110,"column":4},"end":{"line":113,"column":5}},{"start":{},"end":{}}]},"5":{"loc":{"start":{"line":118,"column":4},"end":{"line":122,"column":5}},"type":"if","locations":[{"start":{"line":118,"column":4},"end":{"line":122,"column":5}},{"start":{},"end":{}}]},"6":{"loc":{"start":{"line":127,"column":4},"end":{"line":129,"column":5}},"type":"if","locations":[{"start":{"line":127,"column":4},"end":{"line":129,"column":5}},{"start":{},"end":{}}]},"7":{"loc":{"start":{"line":134,"column":4},"end":{"line":136,"column":5}},"type":"if","locations":[{"start":{"line":134,"column":4},"end":{"line":136,"column":5}},{"start":{},"end":{}}]}},"s":{"0":1,"1":1,"2":1,"3":1,"4":8,"5":8,"6":8,"7":3,"8":5,"9":0,"10":0,"11":0,"12":0,"13":0,"14":0,"15":0,"16":0,"17":0,"18":1,"19":9,"20":1,"21":9,"22":9,"23":8,"24":8,"25":8,"26":9,"27":9,"28":8,"29":8,"30":8,"31":9,"32":33,"33":8,"34":8,"35":33,"36":9,"37":8,"38":8,"39":8,"40":9,"41":24,"42":8,"43":24,"44":8,"45":8,"46":8,"47":0,"48":0,"49":0,"50":8,"51":1},"f":{"0":8,"1":3,"2":5,"3":0,"4":0,"5":0,"6":0,"7":0,"8":0,"9":0,"10":0,"11":0,"12":0,"13":1,"14":9,"15":9,"16":9,"17":33,"18":9,"19":24,"20":8,"21":0,"22":0,"23":0,"24":8},"b":{"0":[5,2],"1":[1,8],"2":[8,1],"3":[8,1],"4":[8,25],"5":[8,1],"6":[8,16],"7":[8,0]}}
,"/Users/citylivepark/Documents/project/generative-puzzle/src/quality-system/database/DatabaseManager.ts": {"path":"/Users/citylivepark/Documents/project/generative-puzzle/src/quality-system/database/DatabaseManager.ts","statementMap":{"0":{"start":{"line":8,"column":0},"end":{"line":8,"column":26}},"1":{"start":{"line":10,"column":0},"end":{"line":10,"column":56}},"2":{"start":{"line":11,"column":0},"end":{"line":11,"column":61}},"3":{"start":{"line":12,"column":0},"end":{"line":12,"column":25}},"4":{"start":{"line":13,"column":0},"end":{"line":13,"column":29}},"5":{"start":{"line":27,"column":10},"end":{"line":27,"column":41}},"6":{"start":{"line":30,"column":4},"end":{"line":30,"column":25}},"7":{"start":{"line":31,"column":4},"end":{"line":31,"column":25}},"8":{"start":{"line":33,"column":4},"end":{"line":43,"column":7}},"9":{"start":{"line":45,"column":4},"end":{"line":45,"column":47}},"10":{"start":{"line":47,"column":4},"end":{"line":49,"column":7}},"11":{"start":{"line":48,"column":6},"end":{"line":48,"column":52}},"12":{"start":{"line":56,"column":4},"end":{"line":58,"column":5}},"13":{"start":{"line":57,"column":6},"end":{"line":57,"column":13}},"14":{"start":{"line":60,"column":4},"end":{"line":83,"column":5}},"15":{"start":{"line":62,"column":6},"end":{"line":62,"column":34}},"16":{"start":{"line":65,"column":6},"end":{"line":67,"column":7}},"17":{"start":{"line":66,"column":8},"end":{"line":66,"column":35}},"18":{"start":{"line":70,"column":6},"end":{"line":72,"column":7}},"19":{"start":{"line":71,"column":8},"end":{"line":71,"column":34}},"20":{"start":{"line":74,"column":6},"end":{"line":74,"column":32}},"21":{"start":{"line":75,"column":6},"end":{"line":78,"column":9}},"22":{"start":{"line":81,"column":6},"end":{"line":81,"column":81}},"23":{"start":{"line":82,"column":6},"end":{"line":82,"column":93}},"24":{"start":{"line":90,"column":19},"end":{"line":90,"column":44}},"25":{"start":{"line":92,"column":4},"end":{"line":103,"column":5}},"26":{"start":{"line":93,"column":21},"end":{"line":93,"column":71}},"27":{"start":{"line":94,"column":6},"end":{"line":97,"column":9}},"28":{"start":{"line":99,"column":6},"end":{"line":99,"column":70}},"29":{"start":{"line":100,"column":6},"end":{"line":100,"column":85}},"30":{"start":{"line":102,"column":6},"end":{"line":102,"column":23}},"31":{"start":{"line":110,"column":27},"end":{"line":110,"column":91}},"32":{"start":{"line":112,"column":4},"end":{"line":115,"column":5}},"33":{"start":{"line":113,"column":6},"end":{"line":113,"column":83}},"34":{"start":{"line":114,"column":6},"end":{"line":114,"column":13}},"35":{"start":{"line":117,"column":19},"end":{"line":117,"column":44}},"36":{"start":{"line":119,"column":4},"end":{"line":163,"column":5}},"37":{"start":{"line":121,"column":6},"end":{"line":127,"column":9}},"38":{"start":{"line":130,"column":29},"end":{"line":132,"column":15}},"39":{"start":{"line":131,"column":24},"end":{"line":131,"column":45}},"40":{"start":{"line":134,"column":6},"end":{"line":156,"column":7}},"41":{"start":{"line":135,"column":24},"end":{"line":135,"column":51}},"42":{"start":{"line":138,"column":23},"end":{"line":140,"column":null}},"43":{"start":{"line":143,"column":8},"end":{"line":146,"column":9}},"44":{"start":{"line":144,"column":10},"end":{"line":144,"column":70}},"45":{"start":{"line":145,"column":10},"end":{"line":145,"column":19}},"46":{"start":{"line":149,"column":30},"end":{"line":149,"column":61}},"47":{"start":{"line":150,"column":29},"end":{"line":150,"column":67}},"48":{"start":{"line":152,"column":8},"end":{"line":152,"column":66}},"49":{"start":{"line":153,"column":8},"end":{"line":153,"column":41}},"50":{"start":{"line":155,"column":8},"end":{"line":155,"column":72}},"51":{"start":{"line":159,"column":6},"end":{"line":159,"column":60}},"52":{"start":{"line":160,"column":6},"end":{"line":160,"column":79}},"53":{"start":{"line":162,"column":6},"end":{"line":162,"column":23}},"54":{"start":{"line":170,"column":4},"end":{"line":173,"column":5}},"55":{"start":{"line":171,"column":6},"end":{"line":171,"column":79}},"56":{"start":{"line":172,"column":6},"end":{"line":172,"column":13}},"57":{"start":{"line":175,"column":22},"end":{"line":175,"column":76}},"58":{"start":{"line":177,"column":4},"end":{"line":180,"column":5}},"59":{"start":{"line":178,"column":6},"end":{"line":178,"column":73}},"60":{"start":{"line":179,"column":6},"end":{"line":179,"column":13}},"61":{"start":{"line":182,"column":19},"end":{"line":182,"column":44}},"62":{"start":{"line":184,"column":4},"end":{"line":217,"column":5}},"63":{"start":{"line":186,"column":21},"end":{"line":186,"column":78}},"64":{"start":{"line":187,"column":24},"end":{"line":187,"column":54}},"65":{"start":{"line":189,"column":6},"end":{"line":192,"column":7}},"66":{"start":{"line":190,"column":8},"end":{"line":190,"column":79}},"67":{"start":{"line":191,"column":8},"end":{"line":191,"column":15}},"68":{"start":{"line":195,"column":24},"end":{"line":197,"column":15}},"69":{"start":{"line":196,"column":24},"end":{"line":196,"column":45}},"70":{"start":{"line":199,"column":6},"end":{"line":207,"column":7}},"71":{"start":{"line":200,"column":25},"end":{"line":200,"column":51}},"72":{"start":{"line":201,"column":24},"end":{"line":201,"column":57}},"73":{"start":{"line":203,"column":8},"end":{"line":203,"column":56}},"74":{"start":{"line":204,"column":8},"end":{"line":204,"column":36}},"75":{"start":{"line":206,"column":8},"end":{"line":206,"column":68}},"76":{"start":{"line":210,"column":6},"end":{"line":210,"column":68}},"77":{"start":{"line":212,"column":6},"end":{"line":214,"column":7}},"78":{"start":{"line":213,"column":8},"end":{"line":213,"column":89}},"79":{"start":{"line":216,"column":6},"end":{"line":216,"column":23}},"80":{"start":{"line":224,"column":4},"end":{"line":226,"column":5}},"81":{"start":{"line":225,"column":6},"end":{"line":225,"column":92}},"82":{"start":{"line":227,"column":4},"end":{"line":227,"column":24}},"83":{"start":{"line":234,"column":19},"end":{"line":234,"column":44}},"84":{"start":{"line":236,"column":4},"end":{"line":244,"column":5}},"85":{"start":{"line":237,"column":21},"end":{"line":237,"column":54}},"86":{"start":{"line":238,"column":6},"end":{"line":238,"column":25}},"87":{"start":{"line":240,"column":6},"end":{"line":240,"column":77}},"88":{"start":{"line":241,"column":6},"end":{"line":241,"column":75}},"89":{"start":{"line":243,"column":6},"end":{"line":243,"column":23}},"90":{"start":{"line":251,"column":19},"end":{"line":251,"column":44}},"91":{"start":{"line":253,"column":4},"end":{"line":281,"column":5}},"92":{"start":{"line":254,"column":20},"end":{"line":259,"column":8}},"93":{"start":{"line":262,"column":21},"end":{"line":263,"column":93}},"94":{"start":{"line":265,"column":6},"end":{"line":272,"column":7}},"95":{"start":{"line":266,"column":8},"end":{"line":271,"column":9}},"96":{"start":{"line":267,"column":25},"end":{"line":267,"column":85}},"97":{"start":{"line":268,"column":11},"end":{"line":268,"column":72}},"98":{"start":{"line":270,"column":11},"end":{"line":270,"column":47}},"99":{"start":{"line":274,"column":6},"end":{"line":274,"column":19}},"100":{"start":{"line":277,"column":6},"end":{"line":277,"column":72}},"101":{"start":{"line":278,"column":6},"end":{"line":278,"column":91}},"102":{"start":{"line":280,"column":6},"end":{"line":280,"column":23}},"103":{"start":{"line":290,"column":4},"end":{"line":290,"column":66}},"104":{"start":{"line":291,"column":4},"end":{"line":291,"column":64}},"105":{"start":{"line":298,"column":4},"end":{"line":336,"column":5}},"106":{"start":{"line":299,"column":21},"end":{"line":299,"column":46}},"107":{"start":{"line":301,"column":6},"end":{"line":324,"column":7}},"108":{"start":{"line":303,"column":8},"end":{"line":303,"column":39}},"109":{"start":{"line":306,"column":26},"end":{"line":310,"column":10}},"110":{"start":{"line":312,"column":8},"end":{"line":320,"column":10}},"111":{"start":{"line":323,"column":8},"end":{"line":323,"column":25}},"112":{"start":{"line":327,"column":6},"end":{"line":327,"column":72}},"113":{"start":{"line":328,"column":6},"end":{"line":335,"column":8}},"114":{"start":{"line":343,"column":4},"end":{"line":351,"column":5}},"115":{"start":{"line":344,"column":6},"end":{"line":344,"column":33}},"116":{"start":{"line":345,"column":6},"end":{"line":345,"column":28}},"117":{"start":{"line":346,"column":6},"end":{"line":346,"column":33}},"118":{"start":{"line":347,"column":6},"end":{"line":347,"column":63}},"119":{"start":{"line":349,"column":6},"end":{"line":349,"column":74}},"120":{"start":{"line":350,"column":6},"end":{"line":350,"column":87}},"121":{"start":{"line":358,"column":4},"end":{"line":360,"column":5}},"122":{"start":{"line":359,"column":6},"end":{"line":359,"column":81}},"123":{"start":{"line":362,"column":19},"end":{"line":362,"column":44}},"124":{"start":{"line":364,"column":4},"end":{"line":401,"column":5}},"125":{"start":{"line":365,"column":6},"end":{"line":365,"column":87}},"126":{"start":{"line":368,"column":26},"end":{"line":382,"column":8}},"127":{"start":{"line":384,"column":6},"end":{"line":386,"column":7}},"128":{"start":{"line":385,"column":8},"end":{"line":385,"column":34}},"129":{"start":{"line":389,"column":6},"end":{"line":389,"column":33}},"130":{"start":{"line":392,"column":6},"end":{"line":392,"column":32}},"131":{"start":{"line":394,"column":6},"end":{"line":394,"column":51}},"132":{"start":{"line":397,"column":6},"end":{"line":397,"column":65}},"133":{"start":{"line":398,"column":6},"end":{"line":398,"column":84}},"134":{"start":{"line":400,"column":6},"end":{"line":400,"column":23}},"135":{"start":{"line":22,"column":0},"end":{"line":22,"column":13}}},"fnMap":{"0":{"name":"(anonymous_16)","decl":{"start":{"line":29,"column":2},"end":{"line":29,"column":14}},"loc":{"start":{"line":29,"column":60},"end":{"line":50,"column":3}}},"1":{"name":"(anonymous_17)","decl":{"start":{"line":47,"column":26},"end":{"line":47,"column":27}},"loc":{"start":{"line":47,"column":34},"end":{"line":49,"column":5}}},"2":{"name":"(anonymous_18)","decl":{"start":{"line":55,"column":8},"end":{"line":55,"column":18}},"loc":{"start":{"line":55,"column":18},"end":{"line":84,"column":null}}},"3":{"name":"(anonymous_20)","decl":{"start":{"line":89,"column":8},"end":{"line":89,"column":22}},"loc":{"start":{"line":89,"column":22},"end":{"line":104,"column":null}}},"4":{"name":"(anonymous_22)","decl":{"start":{"line":109,"column":8},"end":{"line":109,"column":21}},"loc":{"start":{"line":109,"column":21},"end":{"line":164,"column":null}}},"5":{"name":"(anonymous_24)","decl":{"start":{"line":131,"column":16},"end":{"line":131,"column":20}},"loc":{"start":{"line":131,"column":24},"end":{"line":131,"column":45}}},"6":{"name":"(anonymous_25)","decl":{"start":{"line":169,"column":8},"end":{"line":169,"column":20}},"loc":{"start":{"line":169,"column":20},"end":{"line":218,"column":null}}},"7":{"name":"(anonymous_27)","decl":{"start":{"line":196,"column":16},"end":{"line":196,"column":20}},"loc":{"start":{"line":196,"column":24},"end":{"line":196,"column":45}}},"8":{"name":"(anonymous_28)","decl":{"start":{"line":223,"column":2},"end":{"line":223,"column":12}},"loc":{"start":{"line":223,"column":12},"end":{"line":228,"column":3}}},"9":{"name":"(anonymous_29)","decl":{"start":{"line":233,"column":8},"end":{"line":233,"column":20}},"loc":{"start":{"line":233,"column":50},"end":{"line":245,"column":null}}},"10":{"name":"(anonymous_31)","decl":{"start":{"line":250,"column":8},"end":{"line":250,"column":24}},"loc":{"start":{"line":250,"column":24},"end":{"line":282,"column":null}}},"11":{"name":"(anonymous_33)","decl":{"start":{"line":287,"column":8},"end":{"line":287,"column":20}},"loc":{"start":{"line":287,"column":39},"end":{"line":292,"column":null}}},"12":{"name":"(anonymous_35)","decl":{"start":{"line":297,"column":8},"end":{"line":297,"column":19}},"loc":{"start":{"line":297,"column":19},"end":{"line":337,"column":null}}},"13":{"name":"(anonymous_37)","decl":{"start":{"line":342,"column":8},"end":{"line":342,"column":13}},"loc":{"start":{"line":342,"column":13},"end":{"line":352,"column":null}}},"14":{"name":"(anonymous_39)","decl":{"start":{"line":357,"column":8},"end":{"line":357,"column":13}},"loc":{"start":{"line":357,"column":13},"end":{"line":402,"column":null}}}},"branchMap":{"0":{"loc":{"start":{"line":40,"column":11},"end":{"line":40,"column":38}},"type":"binary-expr","locations":[{"start":{"line":40,"column":11},"end":{"line":40,"column":32}},{"start":{"line":40,"column":36},"end":{"line":40,"column":38}}]},"1":{"loc":{"start":{"line":41,"column":25},"end":{"line":41,"column":58}},"type":"binary-expr","locations":[{"start":{"line":41,"column":25},"end":{"line":41,"column":49}},{"start":{"line":41,"column":53},"end":{"line":41,"column":58}}]},"2":{"loc":{"start":{"line":42,"column":31},"end":{"line":42,"column":69}},"type":"binary-expr","locations":[{"start":{"line":42,"column":31},"end":{"line":42,"column":61}},{"start":{"line":42,"column":65},"end":{"line":42,"column":69}}]},"3":{"loc":{"start":{"line":56,"column":4},"end":{"line":58,"column":5}},"type":"if","locations":[{"start":{"line":56,"column":4},"end":{"line":58,"column":5}},{"start":{},"end":{}}]},"4":{"loc":{"start":{"line":65,"column":6},"end":{"line":67,"column":7}},"type":"if","locations":[{"start":{"line":65,"column":6},"end":{"line":67,"column":7}},{"start":{},"end":{}}]},"5":{"loc":{"start":{"line":70,"column":6},"end":{"line":72,"column":7}},"type":"if","locations":[{"start":{"line":70,"column":6},"end":{"line":72,"column":7}},{"start":{},"end":{}}]},"6":{"loc":{"start":{"line":110,"column":27},"end":{"line":110,"column":91}},"type":"binary-expr","locations":[{"start":{"line":110,"column":27},"end":{"line":110,"column":53}},{"start":{"line":110,"column":57},"end":{"line":110,"column":91}}]},"7":{"loc":{"start":{"line":112,"column":4},"end":{"line":115,"column":5}},"type":"if","locations":[{"start":{"line":112,"column":4},"end":{"line":115,"column":5}},{"start":{},"end":{}}]},"8":{"loc":{"start":{"line":143,"column":8},"end":{"line":146,"column":9}},"type":"if","locations":[{"start":{"line":143,"column":8},"end":{"line":146,"column":9}},{"start":{},"end":{}}]},"9":{"loc":{"start":{"line":170,"column":4},"end":{"line":173,"column":5}},"type":"if","locations":[{"start":{"line":170,"column":4},"end":{"line":173,"column":5}},{"start":{},"end":{}}]},"10":{"loc":{"start":{"line":175,"column":22},"end":{"line":175,"column":76}},"type":"binary-expr","locations":[{"start":{"line":175,"column":22},"end":{"line":175,"column":43}},{"start":{"line":175,"column":47},"end":{"line":175,"column":76}}]},"11":{"loc":{"start":{"line":177,"column":4},"end":{"line":180,"column":5}},"type":"if","locations":[{"start":{"line":177,"column":4},"end":{"line":180,"column":5}},{"start":{},"end":{}}]},"12":{"loc":{"start":{"line":189,"column":6},"end":{"line":192,"column":7}},"type":"if","locations":[{"start":{"line":189,"column":6},"end":{"line":192,"column":7}},{"start":{},"end":{}}]},"13":{"loc":{"start":{"line":212,"column":6},"end":{"line":214,"column":7}},"type":"if","locations":[{"start":{"line":212,"column":6},"end":{"line":214,"column":7}},{"start":{},"end":{}}]},"14":{"loc":{"start":{"line":224,"column":4},"end":{"line":226,"column":5}},"type":"if","locations":[{"start":{"line":224,"column":4},"end":{"line":226,"column":5}},{"start":{},"end":{}}]},"15":{"loc":{"start":{"line":358,"column":4},"end":{"line":360,"column":5}},"type":"if","locations":[{"start":{"line":358,"column":4},"end":{"line":360,"column":5}},{"start":{},"end":{}}]}},"s":{"0":1,"1":1,"2":1,"3":1,"4":1,"5":22,"6":22,"7":22,"8":22,"9":22,"10":22,"11":0,"12":1,"13":0,"14":1,"15":1,"16":1,"17":1,"18":1,"19":1,"20":1,"21":1,"22":0,"23":0,"24":3,"25":2,"26":2,"27":2,"28":0,"29":0,"30":2,"31":3,"32":3,"33":0,"34":0,"35":3,"36":3,"37":3,"38":3,"39":6,"40":3,"41":6,"42":6,"43":6,"44":4,"45":4,"46":2,"47":2,"48":2,"49":2,"50":2,"51":0,"52":0,"53":3,"54":1,"55":0,"56":0,"57":1,"58":1,"59":0,"60":0,"61":1,"62":1,"63":1,"64":1,"65":1,"66":0,"67":0,"68":1,"69":1,"70":1,"71":1,"72":1,"73":1,"74":1,"75":1,"76":0,"77":0,"78":0,"79":1,"80":0,"81":0,"82":0,"83":2,"84":2,"85":2,"86":1,"87":1,"88":1,"89":2,"90":1,"91":1,"92":1,"93":1,"94":1,"95":8,"96":8,"97":8,"98":0,"99":1,"100":0,"101":0,"102":1,"103":0,"104":0,"105":2,"106":2,"107":1,"108":1,"109":1,"110":1,"111":1,"112":1,"113":1,"114":15,"115":15,"116":15,"117":15,"118":15,"119":0,"120":0,"121":1,"122":1,"123":0,"124":0,"125":0,"126":0,"127":0,"128":0,"129":0,"130":0,"131":0,"132":0,"133":0,"134":0,"135":1},"f":{"0":22,"1":0,"2":1,"3":3,"4":3,"5":6,"6":1,"7":1,"8":0,"9":2,"10":1,"11":0,"12":2,"13":15,"14":1},"b":{"0":[22,0],"1":[22,0],"2":[22,0],"3":[0,1],"4":[1,0],"5":[1,0],"6":[3,3],"7":[0,3],"8":[4,2],"9":[0,1],"10":[1,1],"11":[0,1],"12":[0,1],"13":[0,0],"14":[0,0],"15":[1,0]}}
,"/Users/citylivepark/Documents/project/generative-puzzle/src/quality-system/database/config/database.config.ts": {"path":"/Users/citylivepark/Documents/project/generative-puzzle/src/quality-system/database/config/database.config.ts","statementMap":{"0":{"start":{"line":67,"column":0},"end":{"line":67,"column":16}},"1":{"start":{"line":81,"column":0},"end":{"line":81,"column":16}},"2":{"start":{"line":102,"column":0},"end":{"line":102,"column":16}},"3":{"start":{"line":180,"column":0},"end":{"line":180,"column":16}},"4":{"start":{"line":17,"column":22},"end":{"line":22,"column":2}},"5":{"start":{"line":24,"column":13},"end":{"line":62,"column":2}},"6":{"start":{"line":68,"column":14},"end":{"line":68,"column":66}},"7":{"start":{"line":70,"column":17},"end":{"line":70,"column":63}},"8":{"start":{"line":71,"column":2},"end":{"line":73,"column":3}},"9":{"start":{"line":72,"column":4},"end":{"line":72,"column":80}},"10":{"start":{"line":75,"column":2},"end":{"line":75,"column":16}},"11":{"start":{"line":82,"column":19},"end":{"line":82,"column":59}},"12":{"start":{"line":84,"column":2},"end":{"line":88,"column":3}},"13":{"start":{"line":85,"column":4},"end":{"line":87,"column":5}},"14":{"start":{"line":86,"column":6},"end":{"line":86,"column":81}},"15":{"start":{"line":90,"column":2},"end":{"line":92,"column":3}},"16":{"start":{"line":91,"column":4},"end":{"line":91,"column":61}},"17":{"start":{"line":94,"column":2},"end":{"line":96,"column":3}},"18":{"start":{"line":95,"column":4},"end":{"line":95,"column":73}},"19":{"start":{"line":103,"column":19},"end":{"line":103,"column":31}},"20":{"start":{"line":104,"column":15},"end":{"line":104,"column":90}},"21":{"start":{"line":105,"column":19},"end":{"line":105,"column":55}},"22":{"start":{"line":107,"column":2},"end":{"line":107,"column":93}},"23":{"start":{"line":113,"column":13},"end":{"line":146,"column":2}},"24":{"start":{"line":151,"column":13},"end":{"line":175,"column":2}},"25":{"start":{"line":181,"column":14},"end":{"line":181,"column":66}},"26":{"start":{"line":182,"column":2},"end":{"line":182,"column":96}}},"fnMap":{"0":{"name":"getDatabaseConfig","decl":{"start":{"line":67,"column":16},"end":{"line":67,"column":33}},"loc":{"start":{"line":67,"column":54},"end":{"line":76,"column":1}}},"1":{"name":"validateDatabaseConfig","decl":{"start":{"line":81,"column":16},"end":{"line":81,"column":38}},"loc":{"start":{"line":81,"column":68},"end":{"line":97,"column":1}}},"2":{"name":"createDatabaseUrl","decl":{"start":{"line":102,"column":16},"end":{"line":102,"column":33}},"loc":{"start":{"line":102,"column":63},"end":{"line":108,"column":1}}},"3":{"name":"getDatabaseFeatures","decl":{"start":{"line":180,"column":16},"end":{"line":180,"column":35}},"loc":{"start":{"line":180,"column":56},"end":{"line":183,"column":1}}}},"branchMap":{"0":{"loc":{"start":{"line":28,"column":10},"end":{"line":28,"column":44}},"type":"binary-expr","locations":[{"start":{"line":28,"column":10},"end":{"line":28,"column":29}},{"start":{"line":28,"column":33},"end":{"line":28,"column":44}}]},"1":{"loc":{"start":{"line":29,"column":19},"end":{"line":29,"column":48}},"type":"binary-expr","locations":[{"start":{"line":29,"column":19},"end":{"line":29,"column":38}},{"start":{"line":29,"column":42},"end":{"line":29,"column":48}}]},"2":{"loc":{"start":{"line":30,"column":14},"end":{"line":30,"column":57}},"type":"binary-expr","locations":[{"start":{"line":30,"column":14},"end":{"line":30,"column":33}},{"start":{"line":30,"column":37},"end":{"line":30,"column":57}}]},"3":{"loc":{"start":{"line":31,"column":14},"end":{"line":31,"column":47}},"type":"binary-expr","locations":[{"start":{"line":31,"column":14},"end":{"line":31,"column":33}},{"start":{"line":31,"column":37},"end":{"line":31,"column":47}}]},"4":{"loc":{"start":{"line":32,"column":14},"end":{"line":32,"column":51}},"type":"binary-expr","locations":[{"start":{"line":32,"column":14},"end":{"line":32,"column":37}},{"start":{"line":32,"column":41},"end":{"line":32,"column":51}}]},"5":{"loc":{"start":{"line":40,"column":10},"end":{"line":40,"column":49}},"type":"binary-expr","locations":[{"start":{"line":40,"column":10},"end":{"line":40,"column":34}},{"start":{"line":40,"column":38},"end":{"line":40,"column":49}}]},"6":{"loc":{"start":{"line":41,"column":19},"end":{"line":41,"column":53}},"type":"binary-expr","locations":[{"start":{"line":41,"column":19},"end":{"line":41,"column":43}},{"start":{"line":41,"column":47},"end":{"line":41,"column":53}}]},"7":{"loc":{"start":{"line":42,"column":14},"end":{"line":42,"column":63}},"type":"binary-expr","locations":[{"start":{"line":42,"column":14},"end":{"line":42,"column":38}},{"start":{"line":42,"column":42},"end":{"line":42,"column":63}}]},"8":{"loc":{"start":{"line":43,"column":14},"end":{"line":43,"column":52}},"type":"binary-expr","locations":[{"start":{"line":43,"column":14},"end":{"line":43,"column":38}},{"start":{"line":43,"column":42},"end":{"line":43,"column":52}}]},"9":{"loc":{"start":{"line":44,"column":14},"end":{"line":44,"column":56}},"type":"binary-expr","locations":[{"start":{"line":44,"column":14},"end":{"line":44,"column":42}},{"start":{"line":44,"column":46},"end":{"line":44,"column":56}}]},"10":{"loc":{"start":{"line":53,"column":10},"end":{"line":53,"column":44}},"type":"binary-expr","locations":[{"start":{"line":53,"column":10},"end":{"line":53,"column":29}},{"start":{"line":53,"column":33},"end":{"line":53,"column":44}}]},"11":{"loc":{"start":{"line":54,"column":19},"end":{"line":54,"column":48}},"type":"binary-expr","locations":[{"start":{"line":54,"column":19},"end":{"line":54,"column":38}},{"start":{"line":54,"column":42},"end":{"line":54,"column":48}}]},"12":{"loc":{"start":{"line":55,"column":14},"end":{"line":55,"column":53}},"type":"binary-expr","locations":[{"start":{"line":55,"column":14},"end":{"line":55,"column":33}},{"start":{"line":55,"column":37},"end":{"line":55,"column":53}}]},"13":{"loc":{"start":{"line":56,"column":14},"end":{"line":56,"column":47}},"type":"binary-expr","locations":[{"start":{"line":56,"column":14},"end":{"line":56,"column":33}},{"start":{"line":56,"column":37},"end":{"line":56,"column":47}}]},"14":{"loc":{"start":{"line":57,"column":14},"end":{"line":57,"column":43}},"type":"binary-expr","locations":[{"start":{"line":57,"column":14},"end":{"line":57,"column":37}},{"start":{"line":57,"column":41},"end":{"line":57,"column":43}}]},"15":{"loc":{"start":{"line":59,"column":29},"end":{"line":59,"column":67}},"type":"binary-expr","locations":[{"start":{"line":59,"column":29},"end":{"line":59,"column":59}},{"start":{"line":59,"column":63},"end":{"line":59,"column":67}}]},"16":{"loc":{"start":{"line":68,"column":14},"end":{"line":68,"column":66}},"type":"binary-expr","locations":[{"start":{"line":68,"column":14},"end":{"line":68,"column":25}},{"start":{"line":68,"column":29},"end":{"line":68,"column":49}},{"start":{"line":68,"column":53},"end":{"line":68,"column":66}}]},"17":{"loc":{"start":{"line":71,"column":2},"end":{"line":73,"column":3}},"type":"if","locations":[{"start":{"line":71,"column":2},"end":{"line":73,"column":3}},{"start":{},"end":{}}]},"18":{"loc":{"start":{"line":85,"column":4},"end":{"line":87,"column":5}},"type":"if","locations":[{"start":{"line":85,"column":4},"end":{"line":87,"column":5}},{"start":{},"end":{}}]},"19":{"loc":{"start":{"line":90,"column":2},"end":{"line":92,"column":3}},"type":"if","locations":[{"start":{"line":90,"column":2},"end":{"line":92,"column":3}},{"start":{},"end":{}}]},"20":{"loc":{"start":{"line":90,"column":6},"end":{"line":90,"column":44}},"type":"binary-expr","locations":[{"start":{"line":90,"column":6},"end":{"line":90,"column":21}},{"start":{"line":90,"column":25},"end":{"line":90,"column":44}}]},"21":{"loc":{"start":{"line":94,"column":2},"end":{"line":96,"column":3}},"type":"if","locations":[{"start":{"line":94,"column":2},"end":{"line":96,"column":3}},{"start":{},"end":{}}]},"22":{"loc":{"start":{"line":94,"column":6},"end":{"line":94,"column":56}},"type":"binary-expr","locations":[{"start":{"line":94,"column":6},"end":{"line":94,"column":27}},{"start":{"line":94,"column":31},"end":{"line":94,"column":56}}]},"23":{"loc":{"start":{"line":104,"column":15},"end":{"line":104,"column":90}},"type":"cond-expr","locations":[{"start":{"line":104,"column":33},"end":{"line":104,"column":72}},{"start":{"line":104,"column":75},"end":{"line":104,"column":90}}]},"24":{"loc":{"start":{"line":105,"column":19},"end":{"line":105,"column":55}},"type":"cond-expr","locations":[{"start":{"line":105,"column":32},"end":{"line":105,"column":50}},{"start":{"line":105,"column":53},"end":{"line":105,"column":55}}]},"25":{"loc":{"start":{"line":181,"column":14},"end":{"line":181,"column":66}},"type":"binary-expr","locations":[{"start":{"line":181,"column":14},"end":{"line":181,"column":25}},{"start":{"line":181,"column":29},"end":{"line":181,"column":49}},{"start":{"line":181,"column":53},"end":{"line":181,"column":66}}]},"26":{"loc":{"start":{"line":182,"column":9},"end":{"line":182,"column":95}},"type":"binary-expr","locations":[{"start":{"line":182,"column":9},"end":{"line":182,"column":63}},{"start":{"line":182,"column":67},"end":{"line":182,"column":95}}]}},"s":{"0":1,"1":1,"2":1,"3":1,"4":1,"5":1,"6":25,"7":25,"8":25,"9":0,"10":25,"11":0,"12":0,"13":0,"14":0,"15":0,"16":0,"17":0,"18":0,"19":0,"20":0,"21":0,"22":0,"23":1,"24":1,"25":0,"26":0},"f":{"0":25,"1":0,"2":0,"3":0},"b":{"0":[1,1],"1":[1,1],"2":[1,1],"3":[1,1],"4":[1,1],"5":[1,1],"6":[1,1],"7":[1,1],"8":[1,1],"9":[1,1],"10":[1,1],"11":[1,1],"12":[1,1],"13":[1,1],"14":[1,1],"15":[1,1],"16":[25,0,0],"17":[0,25],"18":[0,0],"19":[0,0],"20":[0,0],"21":[0,0],"22":[0,0],"23":[0,0],"24":[0,0],"25":[0,0,0],"26":[0,0]}}
,"/Users/citylivepark/Documents/project/generative-puzzle/src/quality-system/database/dao/TaskDAO.ts": {"path":"/Users/citylivepark/Documents/project/generative-puzzle/src/quality-system/database/dao/TaskDAO.ts","statementMap":{"0":{"start":{"line":8,"column":0},"end":{"line":8,"column":51}},"1":{"start":{"line":11,"column":0},"end":{"line":11,"column":81}},"2":{"start":{"line":30,"column":4},"end":{"line":30,"column":25}},"3":{"start":{"line":31,"column":4},"end":{"line":41,"column":7}},"4":{"start":{"line":43,"column":4},"end":{"line":45,"column":7}},"5":{"start":{"line":44,"column":6},"end":{"line":44,"column":52}},"6":{"start":{"line":52,"column":19},"end":{"line":52,"column":41}},"7":{"start":{"line":54,"column":4},"end":{"line":110,"column":5}},"8":{"start":{"line":55,"column":6},"end":{"line":55,"column":34}},"9":{"start":{"line":58,"column":24},"end":{"line":65,"column":8}},"10":{"start":{"line":67,"column":6},"end":{"line":74,"column":9}},"11":{"start":{"line":77,"column":6},"end":{"line":79,"column":7}},"12":{"start":{"line":78,"column":8},"end":{"line":78,"column":76}},"13":{"start":{"line":82,"column":6},"end":{"line":84,"column":7}},"14":{"start":{"line":83,"column":8},"end":{"line":83,"column":78}},"15":{"start":{"line":87,"column":6},"end":{"line":89,"column":7}},"16":{"start":{"line":88,"column":8},"end":{"line":88,"column":86}},"17":{"start":{"line":92,"column":6},"end":{"line":94,"column":7}},"18":{"start":{"line":93,"column":8},"end":{"line":93,"column":62}},"19":{"start":{"line":97,"column":6},"end":{"line":99,"column":7}},"20":{"start":{"line":98,"column":8},"end":{"line":98,"column":76}},"21":{"start":{"line":101,"column":6},"end":{"line":101,"column":35}},"22":{"start":{"line":102,"column":6},"end":{"line":102,"column":91}},"23":{"start":{"line":105,"column":6},"end":{"line":105,"column":37}},"24":{"start":{"line":106,"column":6},"end":{"line":106,"column":98}},"25":{"start":{"line":107,"column":6},"end":{"line":107,"column":84}},"26":{"start":{"line":109,"column":6},"end":{"line":109,"column":23}},"27":{"start":{"line":117,"column":19},"end":{"line":117,"column":41}},"28":{"start":{"line":119,"column":4},"end":{"line":141,"column":5}},"29":{"start":{"line":120,"column":24},"end":{"line":122,"column":8}},"30":{"start":{"line":124,"column":21},"end":{"line":124,"column":60}},"31":{"start":{"line":126,"column":6},"end":{"line":128,"column":7}},"32":{"start":{"line":127,"column":8},"end":{"line":127,"column":20}},"33":{"start":{"line":130,"column":22},"end":{"line":130,"column":36}},"34":{"start":{"line":131,"column":19},"end":{"line":131,"column":64}},"35":{"start":{"line":133,"column":6},"end":{"line":133,"column":87}},"36":{"start":{"line":134,"column":6},"end":{"line":134,"column":18}},"37":{"start":{"line":137,"column":6},"end":{"line":137,"column":93}},"38":{"start":{"line":138,"column":6},"end":{"line":138,"column":86}},"39":{"start":{"line":140,"column":6},"end":{"line":140,"column":23}},"40":{"start":{"line":148,"column":19},"end":{"line":148,"column":41}},"41":{"start":{"line":150,"column":4},"end":{"line":186,"column":5}},"42":{"start":{"line":151,"column":6},"end":{"line":151,"column":34}},"43":{"start":{"line":154,"column":26},"end":{"line":163,"column":8}},"44":{"start":{"line":165,"column":6},"end":{"line":172,"column":9}},"45":{"start":{"line":175,"column":6},"end":{"line":175,"column":53}},"46":{"start":{"line":177,"column":6},"end":{"line":177,"column":35}},"47":{"start":{"line":178,"column":6},"end":{"line":178,"column":91}},"48":{"start":{"line":181,"column":6},"end":{"line":181,"column":37}},"49":{"start":{"line":182,"column":6},"end":{"line":182,"column":98}},"50":{"start":{"line":183,"column":6},"end":{"line":183,"column":84}},"51":{"start":{"line":185,"column":6},"end":{"line":185,"column":23}},"52":{"start":{"line":193,"column":19},"end":{"line":193,"column":41}},"53":{"start":{"line":195,"column":4},"end":{"line":215,"column":5}},"54":{"start":{"line":196,"column":6},"end":{"line":196,"column":34}},"55":{"start":{"line":199,"column":26},"end":{"line":199,"column":59}},"56":{"start":{"line":200,"column":21},"end":{"line":200,"column":62}},"57":{"start":{"line":202,"column":6},"end":{"line":204,"column":7}},"58":{"start":{"line":203,"column":8},"end":{"line":203,"column":70}},"59":{"start":{"line":206,"column":6},"end":{"line":206,"column":35}},"60":{"start":{"line":207,"column":6},"end":{"line":207,"column":65}},"61":{"start":{"line":210,"column":6},"end":{"line":210,"column":37}},"62":{"start":{"line":211,"column":6},"end":{"line":211,"column":91}},"63":{"start":{"line":212,"column":6},"end":{"line":212,"column":84}},"64":{"start":{"line":214,"column":6},"end":{"line":214,"column":23}},"65":{"start":{"line":222,"column":19},"end":{"line":222,"column":41}},"66":{"start":{"line":224,"column":4},"end":{"line":323,"column":5}},"67":{"start":{"line":225,"column":18},"end":{"line":225,"column":49}},"68":{"start":{"line":226,"column":28},"end":{"line":226,"column":30}},"69":{"start":{"line":227,"column":23},"end":{"line":227,"column":24}},"70":{"start":{"line":230,"column":6},"end":{"line":278,"column":7}},"71":{"start":{"line":231,"column":8},"end":{"line":235,"column":9}},"72":{"start":{"line":232,"column":10},"end":{"line":232,"column":55}},"73":{"start":{"line":233,"column":10},"end":{"line":233,"column":37}},"74":{"start":{"line":234,"column":10},"end":{"line":234,"column":23}},"75":{"start":{"line":237,"column":8},"end":{"line":241,"column":9}},"76":{"start":{"line":238,"column":10},"end":{"line":238,"column":57}},"77":{"start":{"line":239,"column":10},"end":{"line":239,"column":39}},"78":{"start":{"line":240,"column":10},"end":{"line":240,"column":23}},"79":{"start":{"line":243,"column":8},"end":{"line":247,"column":9}},"80":{"start":{"line":244,"column":10},"end":{"line":244,"column":53}},"81":{"start":{"line":245,"column":10},"end":{"line":245,"column":35}},"82":{"start":{"line":246,"column":10},"end":{"line":246,"column":23}},"83":{"start":{"line":249,"column":8},"end":{"line":253,"column":9}},"84":{"start":{"line":250,"column":10},"end":{"line":250,"column":58}},"85":{"start":{"line":251,"column":10},"end":{"line":251,"column":40}},"86":{"start":{"line":252,"column":10},"end":{"line":252,"column":23}},"87":{"start":{"line":255,"column":8},"end":{"line":259,"column":9}},"88":{"start":{"line":256,"column":10},"end":{"line":256,"column":53}},"89":{"start":{"line":257,"column":10},"end":{"line":257,"column":44}},"90":{"start":{"line":258,"column":10},"end":{"line":258,"column":23}},"91":{"start":{"line":261,"column":8},"end":{"line":265,"column":9}},"92":{"start":{"line":262,"column":10},"end":{"line":262,"column":53}},"93":{"start":{"line":263,"column":10},"end":{"line":263,"column":43}},"94":{"start":{"line":264,"column":10},"end":{"line":264,"column":23}},"95":{"start":{"line":267,"column":8},"end":{"line":271,"column":9}},"96":{"start":{"line":268,"column":10},"end":{"line":268,"column":55}},"97":{"start":{"line":269,"column":10},"end":{"line":269,"column":43}},"98":{"start":{"line":270,"column":10},"end":{"line":270,"column":23}},"99":{"start":{"line":273,"column":8},"end":{"line":277,"column":9}},"100":{"start":{"line":274,"column":10},"end":{"line":274,"column":55}},"101":{"start":{"line":275,"column":10},"end":{"line":275,"column":44}},"102":{"start":{"line":276,"column":10},"end":{"line":276,"column":23}},"103":{"start":{"line":281,"column":6},"end":{"line":287,"column":7}},"104":{"start":{"line":282,"column":26},"end":{"line":282,"column":55}},"105":{"start":{"line":283,"column":30},"end":{"line":283,"column":58}},"106":{"start":{"line":284,"column":8},"end":{"line":284,"column":59}},"107":{"start":{"line":286,"column":8},"end":{"line":286,"column":45}},"108":{"start":{"line":290,"column":6},"end":{"line":294,"column":7}},"109":{"start":{"line":291,"column":8},"end":{"line":291,"column":41}},"110":{"start":{"line":292,"column":8},"end":{"line":292,"column":27}},"111":{"start":{"line":293,"column":8},"end":{"line":293,"column":21}},"112":{"start":{"line":296,"column":6},"end":{"line":300,"column":7}},"113":{"start":{"line":297,"column":8},"end":{"line":297,"column":42}},"114":{"start":{"line":298,"column":8},"end":{"line":298,"column":28}},"115":{"start":{"line":299,"column":8},"end":{"line":299,"column":21}},"116":{"start":{"line":302,"column":21},"end":{"line":302,"column":54}},"117":{"start":{"line":303,"column":36},"end":{"line":303,"column":38}},"118":{"start":{"line":305,"column":6},"end":{"line":308,"column":7}},"119":{"start":{"line":306,"column":21},"end":{"line":306,"column":62}},"120":{"start":{"line":307,"column":8},"end":{"line":307,"column":25}},"121":{"start":{"line":310,"column":6},"end":{"line":314,"column":9}},"122":{"start":{"line":316,"column":6},"end":{"line":316,"column":19}},"123":{"start":{"line":319,"column":6},"end":{"line":319,"column":100}},"124":{"start":{"line":320,"column":6},"end":{"line":320,"column":87}},"125":{"start":{"line":322,"column":6},"end":{"line":322,"column":23}},"126":{"start":{"line":330,"column":19},"end":{"line":330,"column":41}},"127":{"start":{"line":332,"column":4},"end":{"line":343,"column":5}},"128":{"start":{"line":333,"column":20},"end":{"line":333,"column":51}},"129":{"start":{"line":334,"column":21},"end":{"line":334,"column":46}},"130":{"start":{"line":336,"column":6},"end":{"line":336,"column":34}},"131":{"start":{"line":339,"column":6},"end":{"line":339,"column":78}},"132":{"start":{"line":340,"column":6},"end":{"line":340,"column":97}},"133":{"start":{"line":342,"column":6},"end":{"line":342,"column":23}},"134":{"start":{"line":350,"column":19},"end":{"line":350,"column":41}},"135":{"start":{"line":352,"column":4},"end":{"line":363,"column":5}},"136":{"start":{"line":353,"column":20},"end":{"line":353,"column":75}},"137":{"start":{"line":354,"column":21},"end":{"line":354,"column":46}},"138":{"start":{"line":356,"column":6},"end":{"line":356,"column":25}},"139":{"start":{"line":359,"column":6},"end":{"line":359,"column":76}},"140":{"start":{"line":360,"column":6},"end":{"line":360,"column":95}},"141":{"start":{"line":362,"column":6},"end":{"line":362,"column":23}},"142":{"start":{"line":370,"column":4},"end":{"line":370,"column":26}},"143":{"start":{"line":371,"column":4},"end":{"line":371,"column":56}},"144":{"start":{"line":377,"column":4},"end":{"line":382,"column":5}},"145":{"start":{"line":378,"column":6},"end":{"line":378,"column":39}},"146":{"start":{"line":380,"column":6},"end":{"line":380,"column":73}},"147":{"start":{"line":381,"column":6},"end":{"line":381,"column":89}},"148":{"start":{"line":386,"column":31},"end":{"line":434,"column":6}},"149":{"start":{"line":436,"column":4},"end":{"line":436,"column":16}},"150":{"start":{"line":440,"column":4},"end":{"line":440,"column":41}},"151":{"start":{"line":440,"column":34},"end":{"line":440,"column":41}},"152":{"start":{"line":442,"column":18},"end":{"line":445,"column":6}},"153":{"start":{"line":444,"column":41},"end":{"line":444,"column":148}},"154":{"start":{"line":447,"column":19},"end":{"line":450,"column":6}},"155":{"start":{"line":447,"column":53},"end":{"line":450,"column":6}},"156":{"start":{"line":452,"column":4},"end":{"line":452,"column":38}},"157":{"start":{"line":456,"column":4},"end":{"line":456,"column":42}},"158":{"start":{"line":456,"column":35},"end":{"line":456,"column":42}},"159":{"start":{"line":458,"column":18},"end":{"line":461,"column":6}},"160":{"start":{"line":460,"column":42},"end":{"line":460,"column":59}},"161":{"start":{"line":463,"column":4},"end":{"line":463,"column":57}},"162":{"start":{"line":467,"column":4},"end":{"line":467,"column":38}},"163":{"start":{"line":467,"column":31},"end":{"line":467,"column":38}},"164":{"start":{"line":469,"column":18},"end":{"line":472,"column":6}},"165":{"start":{"line":471,"column":38},"end":{"line":471,"column":175}},"166":{"start":{"line":474,"column":19},"end":{"line":478,"column":6}},"167":{"start":{"line":474,"column":49},"end":{"line":478,"column":6}},"168":{"start":{"line":480,"column":4},"end":{"line":480,"column":38}},"169":{"start":{"line":484,"column":4},"end":{"line":484,"column":34}},"170":{"start":{"line":484,"column":27},"end":{"line":484,"column":34}},"171":{"start":{"line":486,"column":18},"end":{"line":489,"column":6}},"172":{"start":{"line":488,"column":34},"end":{"line":488,"column":51}},"173":{"start":{"line":491,"column":4},"end":{"line":491,"column":49}},"174":{"start":{"line":495,"column":4},"end":{"line":495,"column":37}},"175":{"start":{"line":495,"column":30},"end":{"line":495,"column":37}},"176":{"start":{"line":497,"column":18},"end":{"line":500,"column":6}},"177":{"start":{"line":499,"column":37},"end":{"line":499,"column":144}},"178":{"start":{"line":502,"column":19},"end":{"line":505,"column":6}},"179":{"start":{"line":502,"column":44},"end":{"line":505,"column":6}},"180":{"start":{"line":507,"column":4},"end":{"line":507,"column":38}},"181":{"start":{"line":512,"column":18},"end":{"line":512,"column":69}},"182":{"start":{"line":513,"column":19},"end":{"line":513,"column":54}},"183":{"start":{"line":514,"column":4},"end":{"line":521,"column":8}},"184":{"start":{"line":514,"column":35},"end":{"line":521,"column":6}},"185":{"start":{"line":525,"column":18},"end":{"line":525,"column":70}},"186":{"start":{"line":526,"column":19},"end":{"line":526,"column":54}},"187":{"start":{"line":527,"column":4},"end":{"line":531,"column":8}},"188":{"start":{"line":527,"column":35},"end":{"line":531,"column":6}},"189":{"start":{"line":535,"column":18},"end":{"line":535,"column":87}},"190":{"start":{"line":536,"column":19},"end":{"line":536,"column":54}},"191":{"start":{"line":537,"column":4},"end":{"line":537,"column":58}},"192":{"start":{"line":537,"column":34},"end":{"line":537,"column":56}},"193":{"start":{"line":541,"column":18},"end":{"line":541,"column":87}},"194":{"start":{"line":542,"column":19},"end":{"line":542,"column":54}},"195":{"start":{"line":543,"column":4},"end":{"line":543,"column":47}},"196":{"start":{"line":543,"column":34},"end":{"line":543,"column":45}},"197":{"start":{"line":547,"column":18},"end":{"line":547,"column":83}},"198":{"start":{"line":548,"column":19},"end":{"line":548,"column":54}},"199":{"start":{"line":549,"column":4},"end":{"line":549,"column":54}},"200":{"start":{"line":549,"column":34},"end":{"line":549,"column":52}},"201":{"start":{"line":553,"column":18},"end":{"line":553,"column":92}},"202":{"start":{"line":554,"column":19},"end":{"line":554,"column":54}},"203":{"start":{"line":555,"column":4},"end":{"line":564,"column":8}},"204":{"start":{"line":555,"column":35},"end":{"line":564,"column":6}},"205":{"start":{"line":568,"column":18},"end":{"line":568,"column":90}},"206":{"start":{"line":569,"column":19},"end":{"line":569,"column":54}},"207":{"start":{"line":570,"column":4},"end":{"line":579,"column":8}},"208":{"start":{"line":570,"column":35},"end":{"line":579,"column":6}},"209":{"start":{"line":583,"column":18},"end":{"line":583,"column":64}},"210":{"start":{"line":584,"column":19},"end":{"line":584,"column":54}},"211":{"start":{"line":585,"column":4},"end":{"line":585,"column":43}},"212":{"start":{"line":585,"column":34},"end":{"line":585,"column":41}},"213":{"start":{"line":589,"column":18},"end":{"line":589,"column":68}},"214":{"start":{"line":590,"column":19},"end":{"line":590,"column":54}},"215":{"start":{"line":591,"column":4},"end":{"line":591,"column":45}},"216":{"start":{"line":591,"column":34},"end":{"line":591,"column":43}},"217":{"start":{"line":595,"column":18},"end":{"line":595,"column":86}},"218":{"start":{"line":596,"column":19},"end":{"line":596,"column":54}},"219":{"start":{"line":597,"column":4},"end":{"line":604,"column":8}},"220":{"start":{"line":597,"column":35},"end":{"line":604,"column":6}},"221":{"start":{"line":608,"column":18},"end":{"line":608,"column":92}},"222":{"start":{"line":609,"column":19},"end":{"line":609,"column":54}},"223":{"start":{"line":610,"column":4},"end":{"line":617,"column":8}},"224":{"start":{"line":610,"column":35},"end":{"line":617,"column":6}},"225":{"start":{"line":625,"column":4},"end":{"line":630,"column":5}},"226":{"start":{"line":626,"column":6},"end":{"line":629,"column":8}},"227":{"start":{"line":634,"column":45},"end":{"line":641,"column":6}},"228":{"start":{"line":643,"column":4},"end":{"line":643,"column":43}},"229":{"start":{"line":25,"column":0},"end":{"line":25,"column":13}}},"fnMap":{"0":{"name":"(anonymous_7)","decl":{"start":{"line":29,"column":2},"end":{"line":29,"column":14}},"loc":{"start":{"line":29,"column":53},"end":{"line":46,"column":3}}},"1":{"name":"(anonymous_8)","decl":{"start":{"line":43,"column":26},"end":{"line":43,"column":27}},"loc":{"start":{"line":43,"column":34},"end":{"line":45,"column":5}}},"2":{"name":"(anonymous_9)","decl":{"start":{"line":51,"column":8},"end":{"line":51,"column":18}},"loc":{"start":{"line":51,"column":37},"end":{"line":111,"column":null}}},"3":{"name":"(anonymous_11)","decl":{"start":{"line":116,"column":8},"end":{"line":116,"column":19}},"loc":{"start":{"line":116,"column":34},"end":{"line":142,"column":null}}},"4":{"name":"(anonymous_13)","decl":{"start":{"line":147,"column":8},"end":{"line":147,"column":18}},"loc":{"start":{"line":147,"column":37},"end":{"line":187,"column":null}}},"5":{"name":"(anonymous_15)","decl":{"start":{"line":192,"column":8},"end":{"line":192,"column":18}},"loc":{"start":{"line":192,"column":33},"end":{"line":216,"column":null}}},"6":{"name":"(anonymous_17)","decl":{"start":{"line":221,"column":8},"end":{"line":221,"column":16}},"loc":{"start":{"line":221,"column":86},"end":{"line":324,"column":null}}},"7":{"name":"(anonymous_19)","decl":{"start":{"line":329,"column":8},"end":{"line":329,"column":25}},"loc":{"start":{"line":329,"column":25},"end":{"line":344,"column":null}}},"8":{"name":"(anonymous_21)","decl":{"start":{"line":349,"column":8},"end":{"line":349,"column":23}},"loc":{"start":{"line":349,"column":23},"end":{"line":364,"column":null}}},"9":{"name":"(anonymous_23)","decl":{"start":{"line":369,"column":8},"end":{"line":369,"column":13}},"loc":{"start":{"line":369,"column":13},"end":{"line":372,"column":null}}},"10":{"name":"(anonymous_25)","decl":{"start":{"line":376,"column":16},"end":{"line":376,"column":25}},"loc":{"start":{"line":376,"column":25},"end":{"line":383,"column":null}}},"11":{"name":"(anonymous_27)","decl":{"start":{"line":385,"column":16},"end":{"line":385,"column":33}},"loc":{"start":{"line":385,"column":66},"end":{"line":437,"column":null}}},"12":{"name":"(anonymous_29)","decl":{"start":{"line":439,"column":16},"end":{"line":439,"column":37}},"loc":{"start":{"line":439,"column":92},"end":{"line":453,"column":null}}},"13":{"name":"(anonymous_31)","decl":{"start":{"line":444,"column":31},"end":{"line":444,"column":32}},"loc":{"start":{"line":444,"column":41},"end":{"line":444,"column":148}}},"14":{"name":"(anonymous_32)","decl":{"start":{"line":447,"column":39},"end":{"line":447,"column":49}},"loc":{"start":{"line":447,"column":53},"end":{"line":450,"column":6}}},"15":{"name":"(anonymous_33)","decl":{"start":{"line":455,"column":16},"end":{"line":455,"column":38}},"loc":{"start":{"line":455,"column":97},"end":{"line":464,"column":null}}},"16":{"name":"(anonymous_35)","decl":{"start":{"line":460,"column":32},"end":{"line":460,"column":33}},"loc":{"start":{"line":460,"column":42},"end":{"line":460,"column":59}}},"17":{"name":"(anonymous_36)","decl":{"start":{"line":466,"column":16},"end":{"line":466,"column":40}},"loc":{"start":{"line":466,"column":92},"end":{"line":481,"column":null}}},"18":{"name":"(anonymous_38)","decl":{"start":{"line":471,"column":28},"end":{"line":471,"column":29}},"loc":{"start":{"line":471,"column":38},"end":{"line":471,"column":175}}},"19":{"name":"(anonymous_39)","decl":{"start":{"line":474,"column":36},"end":{"line":474,"column":45}},"loc":{"start":{"line":474,"column":49},"end":{"line":478,"column":6}}},"20":{"name":"(anonymous_40)","decl":{"start":{"line":483,"column":16},"end":{"line":483,"column":30}},"loc":{"start":{"line":483,"column":81},"end":{"line":492,"column":null}}},"21":{"name":"(anonymous_42)","decl":{"start":{"line":488,"column":24},"end":{"line":488,"column":25}},"loc":{"start":{"line":488,"column":34},"end":{"line":488,"column":51}}},"22":{"name":"(anonymous_43)","decl":{"start":{"line":494,"column":16},"end":{"line":494,"column":35}},"loc":{"start":{"line":494,"column":86},"end":{"line":508,"column":null}}},"23":{"name":"(anonymous_45)","decl":{"start":{"line":499,"column":27},"end":{"line":499,"column":28}},"loc":{"start":{"line":499,"column":37},"end":{"line":499,"column":144}}},"24":{"name":"(anonymous_46)","decl":{"start":{"line":502,"column":35},"end":{"line":502,"column":40}},"loc":{"start":{"line":502,"column":44},"end":{"line":505,"column":6}}},"25":{"name":"(anonymous_47)","decl":{"start":{"line":511,"column":16},"end":{"line":511,"column":34}},"loc":{"start":{"line":511,"column":69},"end":{"line":522,"column":null}}},"26":{"name":"(anonymous_49)","decl":{"start":{"line":514,"column":27},"end":{"line":514,"column":30}},"loc":{"start":{"line":514,"column":35},"end":{"line":521,"column":6}}},"27":{"name":"(anonymous_50)","decl":{"start":{"line":524,"column":16},"end":{"line":524,"column":35}},"loc":{"start":{"line":524,"column":70},"end":{"line":532,"column":null}}},"28":{"name":"(anonymous_52)","decl":{"start":{"line":527,"column":27},"end":{"line":527,"column":30}},"loc":{"start":{"line":527,"column":35},"end":{"line":531,"column":6}}},"29":{"name":"(anonymous_53)","decl":{"start":{"line":534,"column":16},"end":{"line":534,"column":33}},"loc":{"start":{"line":534,"column":68},"end":{"line":538,"column":null}}},"30":{"name":"(anonymous_55)","decl":{"start":{"line":537,"column":27},"end":{"line":537,"column":30}},"loc":{"start":{"line":537,"column":34},"end":{"line":537,"column":56}}},"31":{"name":"(anonymous_56)","decl":{"start":{"line":540,"column":16},"end":{"line":540,"column":32}},"loc":{"start":{"line":540,"column":67},"end":{"line":544,"column":null}}},"32":{"name":"(anonymous_58)","decl":{"start":{"line":543,"column":27},"end":{"line":543,"column":30}},"loc":{"start":{"line":543,"column":34},"end":{"line":543,"column":45}}},"33":{"name":"(anonymous_59)","decl":{"start":{"line":546,"column":16},"end":{"line":546,"column":35}},"loc":{"start":{"line":546,"column":70},"end":{"line":550,"column":null}}},"34":{"name":"(anonymous_61)","decl":{"start":{"line":549,"column":27},"end":{"line":549,"column":30}},"loc":{"start":{"line":549,"column":34},"end":{"line":549,"column":52}}},"35":{"name":"(anonymous_62)","decl":{"start":{"line":552,"column":16},"end":{"line":552,"column":37}},"loc":{"start":{"line":552,"column":72},"end":{"line":565,"column":null}}},"36":{"name":"(anonymous_64)","decl":{"start":{"line":555,"column":27},"end":{"line":555,"column":30}},"loc":{"start":{"line":555,"column":35},"end":{"line":564,"column":6}}},"37":{"name":"(anonymous_65)","decl":{"start":{"line":567,"column":16},"end":{"line":567,"column":30}},"loc":{"start":{"line":567,"column":65},"end":{"line":580,"column":null}}},"38":{"name":"(anonymous_67)","decl":{"start":{"line":570,"column":27},"end":{"line":570,"column":30}},"loc":{"start":{"line":570,"column":35},"end":{"line":579,"column":6}}},"39":{"name":"(anonymous_68)","decl":{"start":{"line":582,"column":16},"end":{"line":582,"column":27}},"loc":{"start":{"line":582,"column":62},"end":{"line":586,"column":null}}},"40":{"name":"(anonymous_70)","decl":{"start":{"line":585,"column":27},"end":{"line":585,"column":30}},"loc":{"start":{"line":585,"column":34},"end":{"line":585,"column":41}}},"41":{"name":"(anonymous_71)","decl":{"start":{"line":588,"column":16},"end":{"line":588,"column":29}},"loc":{"start":{"line":588,"column":64},"end":{"line":592,"column":null}}},"42":{"name":"(anonymous_73)","decl":{"start":{"line":591,"column":27},"end":{"line":591,"column":30}},"loc":{"start":{"line":591,"column":34},"end":{"line":591,"column":43}}},"43":{"name":"(anonymous_74)","decl":{"start":{"line":594,"column":16},"end":{"line":594,"column":31}},"loc":{"start":{"line":594,"column":66},"end":{"line":605,"column":null}}},"44":{"name":"(anonymous_76)","decl":{"start":{"line":597,"column":27},"end":{"line":597,"column":30}},"loc":{"start":{"line":597,"column":35},"end":{"line":604,"column":6}}},"45":{"name":"(anonymous_77)","decl":{"start":{"line":607,"column":16},"end":{"line":607,"column":32}},"loc":{"start":{"line":607,"column":67},"end":{"line":618,"column":null}}},"46":{"name":"(anonymous_79)","decl":{"start":{"line":610,"column":27},"end":{"line":610,"column":30}},"loc":{"start":{"line":610,"column":35},"end":{"line":617,"column":6}}},"47":{"name":"(anonymous_80)","decl":{"start":{"line":620,"column":16},"end":{"line":620,"column":37}},"loc":{"start":{"line":620,"column":76},"end":{"line":631,"column":null}}},"48":{"name":"(anonymous_82)","decl":{"start":{"line":633,"column":10},"end":{"line":633,"column":22}},"loc":{"start":{"line":633,"column":36},"end":{"line":644,"column":3}}}},"branchMap":{"0":{"loc":{"start":{"line":38,"column":11},"end":{"line":38,"column":38}},"type":"binary-expr","locations":[{"start":{"line":38,"column":11},"end":{"line":38,"column":32}},{"start":{"line":38,"column":36},"end":{"line":38,"column":38}}]},"1":{"loc":{"start":{"line":39,"column":25},"end":{"line":39,"column":58}},"type":"binary-expr","locations":[{"start":{"line":39,"column":25},"end":{"line":39,"column":49}},{"start":{"line":39,"column":53},"end":{"line":39,"column":58}}]},"2":{"loc":{"start":{"line":40,"column":31},"end":{"line":40,"column":69}},"type":"binary-expr","locations":[{"start":{"line":40,"column":31},"end":{"line":40,"column":61}},{"start":{"line":40,"column":65},"end":{"line":40,"column":69}}]},"3":{"loc":{"start":{"line":77,"column":6},"end":{"line":79,"column":7}},"type":"if","locations":[{"start":{"line":77,"column":6},"end":{"line":79,"column":7}},{"start":{},"end":{}}]},"4":{"loc":{"start":{"line":82,"column":6},"end":{"line":84,"column":7}},"type":"if","locations":[{"start":{"line":82,"column":6},"end":{"line":84,"column":7}},{"start":{},"end":{}}]},"5":{"loc":{"start":{"line":87,"column":6},"end":{"line":89,"column":7}},"type":"if","locations":[{"start":{"line":87,"column":6},"end":{"line":89,"column":7}},{"start":{},"end":{}}]},"6":{"loc":{"start":{"line":92,"column":6},"end":{"line":94,"column":7}},"type":"if","locations":[{"start":{"line":92,"column":6},"end":{"line":94,"column":7}},{"start":{},"end":{}}]},"7":{"loc":{"start":{"line":97,"column":6},"end":{"line":99,"column":7}},"type":"if","locations":[{"start":{"line":97,"column":6},"end":{"line":99,"column":7}},{"start":{},"end":{}}]},"8":{"loc":{"start":{"line":126,"column":6},"end":{"line":128,"column":7}},"type":"if","locations":[{"start":{"line":126,"column":6},"end":{"line":128,"column":7}},{"start":{},"end":{}}]},"9":{"loc":{"start":{"line":202,"column":6},"end":{"line":204,"column":7}},"type":"if","locations":[{"start":{"line":202,"column":6},"end":{"line":204,"column":7}},{"start":{},"end":{}}]},"10":{"loc":{"start":{"line":230,"column":6},"end":{"line":278,"column":7}},"type":"if","locations":[{"start":{"line":230,"column":6},"end":{"line":278,"column":7}},{"start":{},"end":{}}]},"11":{"loc":{"start":{"line":231,"column":8},"end":{"line":235,"column":9}},"type":"if","locations":[{"start":{"line":231,"column":8},"end":{"line":235,"column":9}},{"start":{},"end":{}}]},"12":{"loc":{"start":{"line":231,"column":12},"end":{"line":231,"column":53}},"type":"binary-expr","locations":[{"start":{"line":231,"column":12},"end":{"line":231,"column":25}},{"start":{"line":231,"column":29},"end":{"line":231,"column":53}}]},"13":{"loc":{"start":{"line":237,"column":8},"end":{"line":241,"column":9}},"type":"if","locations":[{"start":{"line":237,"column":8},"end":{"line":241,"column":9}},{"start":{},"end":{}}]},"14":{"loc":{"start":{"line":237,"column":12},"end":{"line":237,"column":57}},"type":"binary-expr","locations":[{"start":{"line":237,"column":12},"end":{"line":237,"column":27}},{"start":{"line":237,"column":31},"end":{"line":237,"column":57}}]},"15":{"loc":{"start":{"line":243,"column":8},"end":{"line":247,"column":9}},"type":"if","locations":[{"start":{"line":243,"column":8},"end":{"line":247,"column":9}},{"start":{},"end":{}}]},"16":{"loc":{"start":{"line":243,"column":12},"end":{"line":243,"column":49}},"type":"binary-expr","locations":[{"start":{"line":243,"column":12},"end":{"line":243,"column":23}},{"start":{"line":243,"column":27},"end":{"line":243,"column":49}}]},"17":{"loc":{"start":{"line":249,"column":8},"end":{"line":253,"column":9}},"type":"if","locations":[{"start":{"line":249,"column":8},"end":{"line":253,"column":9}},{"start":{},"end":{}}]},"18":{"loc":{"start":{"line":249,"column":12},"end":{"line":249,"column":59}},"type":"binary-expr","locations":[{"start":{"line":249,"column":12},"end":{"line":249,"column":28}},{"start":{"line":249,"column":32},"end":{"line":249,"column":59}}]},"19":{"loc":{"start":{"line":255,"column":8},"end":{"line":259,"column":9}},"type":"if","locations":[{"start":{"line":255,"column":8},"end":{"line":259,"column":9}},{"start":{},"end":{}}]},"20":{"loc":{"start":{"line":261,"column":8},"end":{"line":265,"column":9}},"type":"if","locations":[{"start":{"line":261,"column":8},"end":{"line":265,"column":9}},{"start":{},"end":{}}]},"21":{"loc":{"start":{"line":267,"column":8},"end":{"line":271,"column":9}},"type":"if","locations":[{"start":{"line":267,"column":8},"end":{"line":271,"column":9}},{"start":{},"end":{}}]},"22":{"loc":{"start":{"line":273,"column":8},"end":{"line":277,"column":9}},"type":"if","locations":[{"start":{"line":273,"column":8},"end":{"line":277,"column":9}},{"start":{},"end":{}}]},"23":{"loc":{"start":{"line":281,"column":6},"end":{"line":287,"column":7}},"type":"if","locations":[{"start":{"line":281,"column":6},"end":{"line":287,"column":7}},{"start":{"line":285,"column":13},"end":{"line":287,"column":7}}]},"24":{"loc":{"start":{"line":290,"column":6},"end":{"line":294,"column":7}},"type":"if","locations":[{"start":{"line":290,"column":6},"end":{"line":294,"column":7}},{"start":{},"end":{}}]},"25":{"loc":{"start":{"line":296,"column":6},"end":{"line":300,"column":7}},"type":"if","locations":[{"start":{"line":296,"column":6},"end":{"line":300,"column":7}},{"start":{},"end":{}}]},"26":{"loc":{"start":{"line":336,"column":13},"end":{"line":336,"column":33}},"type":"binary-expr","locations":[{"start":{"line":336,"column":13},"end":{"line":336,"column":27}},{"start":{"line":336,"column":31},"end":{"line":336,"column":33}}]},"27":{"loc":{"start":{"line":407,"column":24},"end":{"line":407,"column":52}},"type":"binary-expr","locations":[{"start":{"line":407,"column":24},"end":{"line":407,"column":47}},{"start":{"line":407,"column":51},"end":{"line":407,"column":52}}]},"28":{"loc":{"start":{"line":408,"column":21},"end":{"line":408,"column":46}},"type":"binary-expr","locations":[{"start":{"line":408,"column":21},"end":{"line":408,"column":41}},{"start":{"line":408,"column":45},"end":{"line":408,"column":46}}]},"29":{"loc":{"start":{"line":409,"column":24},"end":{"line":409,"column":52}},"type":"binary-expr","locations":[{"start":{"line":409,"column":24},"end":{"line":409,"column":47}},{"start":{"line":409,"column":51},"end":{"line":409,"column":52}}]},"30":{"loc":{"start":{"line":415,"column":28},"end":{"line":415,"column":62}},"type":"binary-expr","locations":[{"start":{"line":415,"column":28},"end":{"line":415,"column":57}},{"start":{"line":415,"column":61},"end":{"line":415,"column":62}}]},"31":{"loc":{"start":{"line":420,"column":17},"end":{"line":420,"column":47}},"type":"binary-expr","locations":[{"start":{"line":420,"column":17},"end":{"line":420,"column":34}},{"start":{"line":420,"column":38},"end":{"line":420,"column":47}}]},"32":{"loc":{"start":{"line":425,"column":19},"end":{"line":425,"column":42}},"type":"binary-expr","locations":[{"start":{"line":425,"column":19},"end":{"line":425,"column":37}},{"start":{"line":425,"column":41},"end":{"line":425,"column":42}}]},"33":{"loc":{"start":{"line":426,"column":18},"end":{"line":426,"column":40}},"type":"binary-expr","locations":[{"start":{"line":426,"column":18},"end":{"line":426,"column":35}},{"start":{"line":426,"column":39},"end":{"line":426,"column":40}}]},"34":{"loc":{"start":{"line":427,"column":21},"end":{"line":427,"column":46}},"type":"binary-expr","locations":[{"start":{"line":427,"column":21},"end":{"line":427,"column":41}},{"start":{"line":427,"column":45},"end":{"line":427,"column":46}}]},"35":{"loc":{"start":{"line":428,"column":20},"end":{"line":428,"column":44}},"type":"binary-expr","locations":[{"start":{"line":428,"column":20},"end":{"line":428,"column":39}},{"start":{"line":428,"column":43},"end":{"line":428,"column":44}}]},"36":{"loc":{"start":{"line":429,"column":21},"end":{"line":429,"column":46}},"type":"binary-expr","locations":[{"start":{"line":429,"column":21},"end":{"line":429,"column":41}},{"start":{"line":429,"column":45},"end":{"line":429,"column":46}}]},"37":{"loc":{"start":{"line":440,"column":4},"end":{"line":440,"column":41}},"type":"if","locations":[{"start":{"line":440,"column":4},"end":{"line":440,"column":41}},{"start":{},"end":{}}]},"38":{"loc":{"start":{"line":456,"column":4},"end":{"line":456,"column":42}},"type":"if","locations":[{"start":{"line":456,"column":4},"end":{"line":456,"column":42}},{"start":{},"end":{}}]},"39":{"loc":{"start":{"line":467,"column":4},"end":{"line":467,"column":38}},"type":"if","locations":[{"start":{"line":467,"column":4},"end":{"line":467,"column":38}},{"start":{},"end":{}}]},"40":{"loc":{"start":{"line":484,"column":4},"end":{"line":484,"column":34}},"type":"if","locations":[{"start":{"line":484,"column":4},"end":{"line":484,"column":34}},{"start":{},"end":{}}]},"41":{"loc":{"start":{"line":495,"column":4},"end":{"line":495,"column":37}},"type":"if","locations":[{"start":{"line":495,"column":4},"end":{"line":495,"column":37}},{"start":{},"end":{}}]},"42":{"loc":{"start":{"line":643,"column":11},"end":{"line":643,"column":42}},"type":"binary-expr","locations":[{"start":{"line":643,"column":11},"end":{"line":643,"column":26}},{"start":{"line":643,"column":30},"end":{"line":643,"column":42}}]}},"s":{"0":1,"1":1,"2":22,"3":22,"4":22,"5":0,"6":0,"7":0,"8":0,"9":0,"10":0,"11":0,"12":0,"13":0,"14":0,"15":0,"16":0,"17":0,"18":0,"19":0,"20":0,"21":0,"22":0,"23":0,"24":0,"25":0,"26":0,"27":0,"28":0,"29":0,"30":0,"31":0,"32":0,"33":0,"34":0,"35":0,"36":0,"37":0,"38":0,"39":0,"40":0,"41":0,"42":0,"43":0,"44":0,"45":0,"46":0,"47":0,"48":0,"49":0,"50":0,"51":0,"52":0,"53":0,"54":0,"55":0,"56":0,"57":0,"58":0,"59":0,"60":0,"61":0,"62":0,"63":0,"64":0,"65":0,"66":0,"67":0,"68":0,"69":0,"70":0,"71":0,"72":0,"73":0,"74":0,"75":0,"76":0,"77":0,"78":0,"79":0,"80":0,"81":0,"82":0,"83":0,"84":0,"85":0,"86":0,"87":0,"88":0,"89":0,"90":0,"91":0,"92":0,"93":0,"94":0,"95":0,"96":0,"97":0,"98":0,"99":0,"100":0,"101":0,"102":0,"103":0,"104":0,"105":0,"106":0,"107":0,"108":0,"109":0,"110":0,"111":0,"112":0,"113":0,"114":0,"115":0,"116":0,"117":0,"118":0,"119":0,"120":0,"121":0,"122":0,"123":0,"124":0,"125":0,"126":0,"127":0,"128":0,"129":0,"130":0,"131":0,"132":0,"133":0,"134":0,"135":0,"136":0,"137":0,"138":0,"139":0,"140":0,"141":0,"142":15,"143":15,"144":0,"145":0,"146":0,"147":0,"148":0,"149":0,"150":0,"151":0,"152":0,"153":0,"154":0,"1
[...]
":335,"column":112}},{"start":{"line":335,"column":115},"end":{"line":335,"column":117}}]},"12":{"loc":{"start":{"line":336,"column":30},"end":{"line":336,"column":140}},"type":"cond-expr","locations":[{"start":{"line":336,"column":47},"end":{"line":336,"column":135}},{"start":{"line":336,"column":138},"end":{"line":336,"column":140}}]},"13":{"loc":{"start":{"line":337,"column":30},"end":{"line":347,"column":34}},"type":"cond-expr","locations":[{"start":{"line":337,"column":78},"end":{"line":347,"column":30}},{"start":{"line":347,"column":32},"end":{"line":347,"column":34}}]},"14":{"loc":{"start":{"line":337,"column":30},"end":{"line":337,"column":75}},"type":"binary-expr","locations":[{"start":{"line":337,"column":30},"end":{"line":337,"column":45}},{"start":{"line":337,"column":49},"end":{"line":337,"column":75}}]},"15":{"loc":{"start":{"line":343,"column":46},"end":{"line":343,"column":151}},"type":"cond-expr","locations":[{"start":{"line":343,"column":65},"end":{"line":343,"column":146}},{"start":{"line":343,"column":149},"end":{"line":343,"column":151}}]},"16":{"loc":{"start":{"line":343,"column":103},"end":{"line":343,"column":145}},"type":"cond-expr","locations":[{"start":{"line":343,"column":135},"end":{"line":343,"column":140}},{"start":{"line":343,"column":143},"end":{"line":343,"column":145}}]},"17":{"loc":{"start":{"line":353,"column":14},"end":{"line":360,"column":18}},"type":"cond-expr","locations":[{"start":{"line":353,"column":50},"end":{"line":360,"column":14}},{"start":{"line":360,"column":16},"end":{"line":360,"column":18}}]},"18":{"loc":{"start":{"line":409,"column":2},"end":{"line":409,"column":79}},"type":"cond-expr","locations":[{"start":{"line":409,"column":25},"end":{"line":409,"column":74}},{"start":{"line":409,"column":77},"end":{"line":409,"column":79}}]},"19":{"loc":{"start":{"line":410,"column":2},"end":{"line":410,"column":71}},"type":"cond-expr","locations":[{"start":{"line":410,"column":23},"end":{"line":410,"column":66}},{"start":{"line":410,"column":69},"end":{"line":410,"column":71}}]},"20":{"loc":{"start":{"line":412,"column":2},"end":{"line":417,"column":6}},"type":"cond-expr","locations":[{"start":{"line":412,"column":19},"end":{"line":417,"column":2}},{"start":{"line":417,"column":4},"end":{"line":417,"column":6}}]},"21":{"loc":{"start":{"line":419,"column":2},"end":{"line":425,"column":6}},"type":"cond-expr","locations":[{"start":{"line":419,"column":50},"end":{"line":425,"column":2}},{"start":{"line":425,"column":4},"end":{"line":425,"column":6}}]},"22":{"loc":{"start":{"line":419,"column":2},"end":{"line":419,"column":47}},"type":"binary-expr","locations":[{"start":{"line":419,"column":2},"end":{"line":419,"column":17}},{"start":{"line":419,"column":21},"end":{"line":419,"column":47}}]},"23":{"loc":{"start":{"line":423,"column":4},"end":{"line":423,"column":83}},"type":"cond-expr","locations":[{"start":{"line":423,"column":23},"end":{"line":423,"column":78}},{"start":{"line":423,"column":81},"end":{"line":423,"column":83}}]},"24":{"loc":{"start":{"line":428,"column":2},"end":{"line":432,"column":6}},"type":"cond-expr","locations":[{"start":{"line":428,"column":38},"end":{"line":432,"column":2}},{"start":{"line":432,"column":4},"end":{"line":432,"column":6}}]},"25":{"loc":{"start":{"line":446,"column":4},"end":{"line":448,"column":5}},"type":"if","locations":[{"start":{"line":446,"column":4},"end":{"line":448,"column":5}},{"start":{},"end":{}}]},"26":{"loc":{"start":{"line":450,"column":4},"end":{"line":452,"column":5}},"type":"if","locations":[{"start":{"line":450,"column":4},"end":{"line":452,"column":5}},{"start":{},"end":{}}]},"27":{"loc":{"start":{"line":454,"column":4},"end":{"line":456,"column":5}},"type":"if","locations":[{"start":{"line":454,"column":4},"end":{"line":456,"column":5}},{"start":{},"end":{}}]},"28":{"loc":{"start":{"line":460,"column":4},"end":{"line":462,"column":5}},"type":"if","locations":[{"start":{"line":460,"column":4},"end":{"line":462,"column":5}},{"start":{},"end":{}}]},"29":{"loc":{"start":{"line":465,"column":4},"end":{"line":467,"column":5}},"type":"if","locations":[{"start":{"line":465,"column":4},"end":{"line":467,"column":5}},{"start":{},"end":{}}]},"30":{"loc":{"start":{"line":470,"column":4},"end":{"line":472,"column":5}},"type":"if","locations":[{"start":{"line":470,"column":4},"end":{"line":472,"column":5}},{"start":{},"end":{}}]},"31":{"loc":{"start":{"line":475,"column":4},"end":{"line":477,"column":5}},"type":"if","locations":[{"start":{"line":475,"column":4},"end":{"line":477,"column":5}},{"start":{},"end":{}}]},"32":{"loc":{"start":{"line":486,"column":6},"end":{"line":496,"column":7}},"type":"if","locations":[{"start":{"line":486,"column":6},"end":{"line":496,"column":7}},{"start":{},"end":{}}]},"33":{"loc":{"start":{"line":492,"column":21},"end":{"line":492,"column":94}},"type":"cond-expr","locations":[{"start":{"line":492,"column":56},"end":{"line":492,"column":68}},{"start":{"line":492,"column":71},"end":{"line":492,"column":94}}]},"34":{"loc":{"start":{"line":517,"column":37},"end":{"line":517,"column":99}},"type":"binary-expr","locations":[{"start":{"line":517,"column":37},"end":{"line":517,"column":67}},{"start":{"line":517,"column":71},"end":{"line":517,"column":99}}]},"35":{"loc":{"start":{"line":537,"column":4},"end":{"line":539,"column":5}},"type":"if","locations":[{"start":{"line":537,"column":4},"end":{"line":539,"column":5}},{"start":{},"end":{}}]}},"s":{"0":1,"1":1,"2":1,"3":1,"4":1,"5":1,"6":1,"7":1,"8":0,"9":0,"10":0,"11":0,"12":0,"13":0,"14":0,"15":0,"16":0,"17":0,"18":0,"19":0,"20":0,"21":0,"22":0,"23":0,"24":0,"25":0,"26":0,"27":0,"28":0,"29":0,"30":0,"31":0,"32":0,"33":0,"34":0,"35":0,"36":0,"37":0,"38":0,"39":0,"40":0,"41":0,"42":0,"43":0,"44":0,"45":0,"46":0,"47":0,"48":0,"49":0,"50":0,"51":0,"52":0,"53":0,"54":0,"55":0,"56":0,"57":0,"58":0,"59":0,"60":0,"61":0,"62":0,"63":0,"64":0,"65":0,"66":0,"67":0,"68":0,"69":0,"70":0,"71":0,"72":0,"73":0,"74":0,"75":0,"76":0,"77":0,"78":0,"79":0,"80":0,"81":0,"82":0,"83":0,"84":0,"85":0,"86":0,"87":0,"88":0,"89":0,"90":0,"91":0,"92":0,"93":0,"94":0,"95":0,"96":0,"97":0,"98":0,"99":0,"100":0,"101":0,"102":0,"103":0,"104":0,"105":0,"106":0,"107":0,"108":0,"109":0,"110":0,"111":0,"112":1},"f":{"0":1,"1":0,"2":0,"3":0,"4":0,"5":0,"6":0,"7":0,"8":0,"9":0,"10":0,"11":0,"12":0,"13":0,"14":0,"15":0,"16":0,"17":0,"18":0,"19":0,"20":0,"21":0,"22":0,"23":0,"24":0,"25":0,"26":0,"27":0,"28":0,"29":0,"30":0,"31":0},"b":{"0":[1,1],"1":[0],"2":[0,0],"3":[0,0],"4":[0,0],"5":[0,0],"6":[0],"7":[0,0,0,0,0],"8":[0,0],"9":[0,0],"10":[0,0],"11":[0,0],"12":[0,0],"13":[0,0],"14":[0,0],"15":[0,0],"16":[0,0],"17":[0,0],"18":[0,0],"19":[0,0],"20":[0,0],"21":[0,0],"22":[0,0],"23":[0,0],"24":[0,0],"25":[0,0],"26":[0,0],"27":[0,0],"28":[0,0],"29":[0,0],"30":[0,0],"31":[0,0],"32":[0,0],"33":[0,0],"34":[0,0],"35":[0,0]}}
,"/Users/citylivepark/Documents/project/generative-puzzle/utils/geometry/puzzleGeometry.ts": {"path":"/Users/citylivepark/Documents/project/generative-puzzle/utils/geometry/puzzleGeometry.ts","statementMap":{"0":{"start":{"line":17,"column":0},"end":{"line":17,"column":16}},"1":{"start":{"line":62,"column":0},"end":{"line":62,"column":16}},"2":{"start":{"line":79,"column":0},"end":{"line":79,"column":16}},"3":{"start":{"line":83,"column":0},"end":{"line":83,"column":16}},"4":{"start":{"line":7,"column":31},"end":{"line":15,"column":1}},"5":{"start":{"line":8,"column":2},"end":{"line":14,"column":null}},"6":{"start":{"line":9,"column":21},"end":{"line":12,"column":6}},"7":{"start":{"line":7,"column":13},"end":{"line":7,"column":31}},"8":{"start":{"line":19,"column":13},"end":{"line":19,"column":21}},"9":{"start":{"line":19,"column":30},"end":{"line":19,"column":39}},"10":{"start":{"line":19,"column":48},"end":{"line":19,"column":56}},"11":{"start":{"line":19,"column":65},"end":{"line":19,"column":74}},"12":{"start":{"line":20,"column":2},"end":{"line":26,"column":3}},"13":{"start":{"line":20,"column":15},"end":{"line":20,"column":16}},"14":{"start":{"line":21,"column":18},"end":{"line":21,"column":28}},"15":{"start":{"line":22,"column":4},"end":{"line":22,"column":39}},"16":{"start":{"line":22,"column":24},"end":{"line":22,"column":39}},"17":{"start":{"line":23,"column":4},"end":{"line":23,"column":39}},"18":{"start":{"line":23,"column":24},"end":{"line":23,"column":39}},"19":{"start":{"line":24,"column":4},"end":{"line":24,"column":39}},"20":{"start":{"line":24,"column":24},"end":{"line":24,"column":39}},"21":{"start":{"line":25,"column":4},"end":{"line":25,"column":39}},"22":{"start":{"line":25,"column":24},"end":{"line":25,"column":39}},"23":{"start":{"line":29,"column":2},"end":{"line":31,"column":3}},"24":{"start":{"line":30,"column":4},"end":{"line":30,"column":17}},"25":{"start":{"line":34,"column":20},"end":{"line":43,"column":3}},"26":{"start":{"line":36,"column":4},"end":{"line":36,"column":76}},"27":{"start":{"line":36,"column":63},"end":{"line":36,"column":76}},"28":{"start":{"line":39,"column":4},"end":{"line":42,"column":6}},"29":{"start":{"line":45,"column":15},"end":{"line":45,"column":20}},"30":{"start":{"line":46,"column":2},"end":{"line":58,"column":3}},"31":{"start":{"line":46,"column":15},"end":{"line":46,"column":16}},"32":{"start":{"line":46,"column":22},"end":{"line":46,"column":40}},"33":{"start":{"line":47,"column":15},"end":{"line":47,"column":27}},"34":{"start":{"line":47,"column":34},"end":{"line":47,"column":46}},"35":{"start":{"line":48,"column":15},"end":{"line":48,"column":27}},"36":{"start":{"line":48,"column":34},"end":{"line":48,"column":46}},"37":{"start":{"line":51,"column":4},"end":{"line":53,"column":5}},"38":{"start":{"line":52,"column":6},"end":{"line":52,"column":18}},"39":{"start":{"line":55,"column":22},"end":{"line":56,"column":54}},"40":{"start":{"line":57,"column":4},"end":{"line":57,"column":36}},"41":{"start":{"line":57,"column":19},"end":{"line":57,"column":36}},"42":{"start":{"line":59,"column":2},"end":{"line":59,"column":16}},"43":{"start":{"line":63,"column":18},"end":{"line":63,"column":41}},"44":{"start":{"line":64,"column":14},"end":{"line":64,"column":31}},"45":{"start":{"line":65,"column":14},"end":{"line":65,"column":31}},"46":{"start":{"line":67,"column":13},"end":{"line":67,"column":19}},"47":{"start":{"line":68,"column":13},"end":{"line":68,"column":19}},"48":{"start":{"line":70,"column":19},"end":{"line":70,"column":38}},"49":{"start":{"line":71,"column":19},"end":{"line":71,"column":38}},"50":{"start":{"line":73,"column":2},"end":{"line":76,"column":4}},"51":{"start":{"line":80,"column":2},"end":{"line":80,"column":54}},"52":{"start":{"line":84,"column":13},"end":{"line":84,"column":39}},"53":{"start":{"line":84,"column":35},"end":{"line":84,"column":38}},"54":{"start":{"line":85,"column":13},"end":{"line":85,"column":39}},"55":{"start":{"line":85,"column":35},"end":{"line":85,"column":38}},"56":{"start":{"line":86,"column":15},"end":{"line":86,"column":30}},"57":{"start":{"line":87,"column":15},"end":{"line":87,"column":30}},"58":{"start":{"line":88,"column":15},"end":{"line":88,"column":30}},"59":{"start":{"line":89,"column":15},"end":{"line":89,"column":30}},"60":{"start":{"line":90,"column":17},"end":{"line":90,"column":28}},"61":{"start":{"line":91,"column":17},"end":{"line":91,"column":28}},"62":{"start":{"line":92,"column":2},"end":{"line":101,"column":null}}},"fnMap":{"0":{"name":"(anonymous_0)","decl":{"start":{"line":7,"column":31},"end":{"line":7,"column":32}},"loc":{"start":{"line":7,"column":51},"end":{"line":15,"column":1}}},"1":{"name":"(anonymous_1)","decl":{"start":{"line":9,"column":4},"end":{"line":9,"column":5}},"loc":{"start":{"line":9,"column":21},"end":{"line":12,"column":6}}},"2":{"name":"isPointInPolygon","decl":{"start":{"line":17,"column":16},"end":{"line":17,"column":32}},"loc":{"start":{"line":17,"column":71},"end":{"line":60,"column":1}}},"3":{"name":"(anonymous_3)","decl":{"start":{"line":34,"column":20},"end":{"line":34,"column":21}},"loc":{"start":{"line":34,"column":95},"end":{"line":43,"column":3}}},"4":{"name":"rotatePoint","decl":{"start":{"line":62,"column":16},"end":{"line":62,"column":27}},"loc":{"start":{"line":62,"column":87},"end":{"line":77,"column":1}}},"5":{"name":"calculateAngle","decl":{"start":{"line":79,"column":16},"end":{"line":79,"column":30}},"loc":{"start":{"line":79,"column":77},"end":{"line":81,"column":1}}},"6":{"name":"calculatePieceBounds","decl":{"start":{"line":83,"column":16},"end":{"line":83,"column":36}},"loc":{"start":{"line":83,"column":63},"end":{"line":102,"column":2}}},"7":{"name":"(anonymous_7)","decl":{"start":{"line":84,"column":30},"end":{"line":84,"column":31}},"loc":{"start":{"line":84,"column":35},"end":{"line":84,"column":38}}},"8":{"name":"(anonymous_8)","decl":{"start":{"line":85,"column":30},"end":{"line":85,"column":31}},"loc":{"start":{"line":85,"column":35},"end":{"line":85,"column":38}}}},"branchMap":{"0":{"loc":{"start":{"line":22,"column":4},"end":{"line":22,"column":39}},"type":"if","locations":[{"start":{"line":22,"column":4},"end":{"line":22,"column":39}},{"start":{},"end":{}}]},"1":{"loc":{"start":{"line":23,"column":4},"end":{"line":23,"column":39}},"type":"if","locations":[{"start":{"line":23,"column":4},"end":{"line":23,"column":39}},{"start":{},"end":{}}]},"2":{"loc":{"start":{"line":24,"column":4},"end":{"line":24,"column":39}},"type":"if","locations":[{"start":{"line":24,"column":4},"end":{"line":24,"column":39}},{"start":{},"end":{}}]},"3":{"loc":{"start":{"line":25,"column":4},"end":{"line":25,"column":39}},"type":"if","locations":[{"start":{"line":25,"column":4},"end":{"line":25,"column":39}},{"start":{},"end":{}}]},"4":{"loc":{"start":{"line":29,"column":2},"end":{"line":31,"column":3}},"type":"if","locations":[{"start":{"line":29,"column":2},"end":{"line":31,"column":3}},{"start":{},"end":{}}]},"5":{"loc":{"start":{"line":29,"column":6},"end":{"line":29,"column":50}},"type":"binary-expr","locations":[{"start":{"line":29,"column":6},"end":{"line":29,"column":14}},{"start":{"line":29,"column":18},"end":{"line":29,"column":26}},{"start":{"line":29,"column":30},"end":{"line":29,"column":38}},{"start":{"line":29,"column":42},"end":{"line":29,"column":50}}]},"6":{"loc":{"start":{"line":36,"column":4},"end":{"line":36,"column":76}},"type":"if","locations":[{"start":{"line":36,"column":4},"end":{"line":36,"column":76}},{"start":{},"end":{}}]},"7":{"loc":{"start":{"line":40,"column":6},"end":{"line":41,"column":54}},"type":"binary-expr","locations":[{"start":{"line":40,"column":6},"end":{"line":40,"column":28}},{"start":{"line":40,"column":32},"end":{"line":40,"column":54}},{"start":{"line":41,"column":6},"end":{"line":41,"column":28}},{"start":{"line":41,"column":32},"end":{"line":41,"column":54}}]},"8":{"loc":{"start":{"line":51,"column":4},"end":{"line":53,"column":5}},"type":"if","locations":[{"start":{"line":51,"column":4},"end":{"line":53,"column":5}},{"start":{},"end":{}}]},"9":{"loc":{"start":{"line":55,"column":22},"end":{"line":56,"column":54}},"type":"binary-expr","locations":[{"start":{"line":55,"column":23},"end":{"line":55,"column":44}},{"start":{"line":56,"column":12},"end":{"line":56,"column":53}}]},"10":{"loc":{"start":{"line":57,"column":4},"end":{"line":57,"column":36}},"type":"if","locations":[{"start":{"line":57,"column":4},"end":{"line":57,"column":36}},{"start":{},"end":{}}]}},"s":{"0":1,"1":1,"2":1,"3":1,"4":1,"5":3,"6":7,"7":1,"8":14,"9":14,"10":14,"11":14,"12":14,"13":14,"14":49,"15":49,"16":14,"17":49,"18":28,"19":49,"20":14,"21":49,"22":28,"23":14,"24":3,"25":11,"26":24,"27":17,"28":7,"29":11,"30":11,"31":11,"32":11,"33":24,"34":24,"35":24,"36":24,"37":24,"38":7,"39":17,"40":17,"41":5,"42":4,"43":3,"44":3,"45":3,"46":3,"47":3,"48":3,"49":3,"50":3,"51":5,"52":0,"53":0,"54":0,"55":0,"56":0,"57":0,"58":0,"59":0,"60":0,"61":0,"62":0},"f":{"0":3,"1":7,"2":14,"3":24,"4":3,"5":5,"6":0,"7":0,"8":0},"b":{"0":[14,35],"1":[28,21],"2":[14,35],"3":[28,21],"4":[3,11],"5":[14,13,11,11],"6":[17,7],"7":[7,7,7,7],"8":[7,17],"9":[17,10],"10":[5,12]}}
,"/Users/citylivepark/Documents/project/generative-puzzle/utils/rendering/colorUtils.ts": {"path":"/Users/citylivepark/Documents/project/generative-puzzle/utils/rendering/colorUtils.ts","statementMap":{"0":{"start":{"line":13,"column":0},"end":{"line":13,"column":16}},"1":{"start":{"line":15,"column":21},"end":{"line":15,"column":52}},"2":{"start":{"line":18,"column":2},"end":{"line":24,"column":3}},"3":{"start":{"line":20,"column":14},"end":{"line":20,"column":45}},"4":{"start":{"line":21,"column":14},"end":{"line":21,"column":45}},"5":{"start":{"line":22,"column":14},"end":{"line":22,"column":45}},"6":{"start":{"line":23,"column":4},"end":{"line":23,"column":51}},"7":{"start":{"line":27,"column":2},"end":{"line":32,"column":3}},"8":{"start":{"line":28,"column":14},"end":{"line":28,"column":61}},"9":{"start":{"line":29,"column":14},"end":{"line":29,"column":61}},"10":{"start":{"line":30,"column":14},"end":{"line":30,"column":61}},"11":{"start":{"line":31,"column":4},"end":{"line":31,"column":51}},"12":{"start":{"line":35,"column":19},"end":{"line":35,"column":82}},"13":{"start":{"line":36,"column":2},"end":{"line":39,"column":3}},"14":{"start":{"line":37,"column":24},"end":{"line":37,"column":32}},"15":{"start":{"line":38,"column":4},"end":{"line":38,"column":51}},"16":{"start":{"line":42,"column":20},"end":{"line":42,"column":105}},"17":{"start":{"line":43,"column":2},"end":{"line":46,"column":3}},"18":{"start":{"line":44,"column":24},"end":{"line":44,"column":33}},"19":{"start":{"line":45,"column":4},"end":{"line":45,"column":51}},"20":{"start":{"line":49,"column":19},"end":{"line":49,"column":84}},"21":{"start":{"line":50,"column":2},"end":{"line":53,"column":3}},"22":{"start":{"line":51,"column":24},"end":{"line":51,"column":32}},"23":{"start":{"line":52,"column":4},"end":{"line":52,"column":53}},"24":{"start":{"line":56,"column":20},"end":{"line":56,"column":107}},"25":{"start":{"line":57,"column":2},"end":{"line":60,"column":3}},"26":{"start":{"line":58,"column":24},"end":{"line":58,"column":33}},"27":{"start":{"line":59,"column":4},"end":{"line":59,"column":53}},"28":{"start":{"line":64,"column":2},"end":{"line":64,"column":46}}},"fnMap":{"0":{"name":"appendAlpha","decl":{"start":{"line":13,"column":16},"end":{"line":13,"column":27}},"loc":{"start":{"line":13,"column":60},"end":{"line":65,"column":1}}}},"branchMap":{"0":{"loc":{"start":{"line":13,"column":43},"end":{"line":13,"column":60}},"type":"default-arg","locations":[{"start":{"line":13,"column":59},"end":{"line":13,"column":60}}]},"1":{"loc":{"start":{"line":18,"column":2},"end":{"line":24,"column":3}},"type":"if","locations":[{"start":{"line":18,"column":2},"end":{"line":24,"column":3}},{"start":{},"end":{}}]},"2":{"loc":{"start":{"line":27,"column":2},"end":{"line":32,"column":3}},"type":"if","locations":[{"start":{"line":27,"column":2},"end":{"line":32,"column":3}},{"start":{},"end":{}}]},"3":{"loc":{"start":{"line":36,"column":2},"end":{"line":39,"column":3}},"type":"if","locations":[{"start":{"line":36,"column":2},"end":{"line":39,"column":3}},{"start":{},"end":{}}]},"4":{"loc":{"start":{"line":43,"column":2},"end":{"line":46,"column":3}},"type":"if","locations":[{"start":{"line":43,"column":2},"end":{"line":46,"column":3}},{"start":{},"end":{}}]},"5":{"loc":{"start":{"line":50,"column":2},"end":{"line":53,"column":3}},"type":"if","locations":[{"start":{"line":50,"column":2},"end":{"line":53,"column":3}},{"start":{},"end":{}}]},"6":{"loc":{"start":{"line":57,"column":2},"end":{"line":60,"column":3}},"type":"if","locations":[{"start":{"line":57,"column":2},"end":{"line":60,"column":3}},{"start":{},"end":{}}]}},"s":{"0":1,"1":18,"2":18,"3":5,"4":5,"5":5,"6":5,"7":13,"8":3,"9":3,"10":3,"11":3,"12":10,"13":10,"14":2,"15":2,"16":8,"17":8,"18":2,"19":2,"20":6,"21":6,"22":2,"23":2,"24":4,"25":4,"26":2,"27":2,"28":2},"f":{"0":18},"b":{"0":[0],"1":[5,13],"2":[3,10],"3":[2,8],"4":[2,6],"5":[2,4],"6":[2,2]}}
}
