TN:
SF:utils/rendering/colorUtils.ts
FN:13,appendAlpha
FNF:1
FNH:1
FNDA:18,appendAlpha
DA:13,1
DA:15,18
DA:18,18
DA:20,5
DA:21,5
DA:22,5
DA:23,5
DA:27,13
DA:28,3
DA:29,3
DA:30,3
DA:31,3
DA:35,10
DA:36,10
DA:37,2
DA:38,2
DA:42,8
DA:43,8
DA:44,2
DA:45,2
DA:49,6
DA:50,6
DA:51,2
DA:52,2
DA:56,4
DA:57,4
DA:58,2
DA:59,2
DA:64,2
LF:29
LH:29
BRDA:13,0,0,0
BRDA:18,1,0,5
BRDA:18,1,1,13
BRDA:27,2,0,3
BRDA:27,2,1,10
BRDA:36,3,0,2
BRDA:36,3,1,8
BRDA:43,4,0,2
BRDA:43,4,1,6
BRDA:50,5,0,2
BRDA:50,5,1,4
BRDA:57,6,0,2
BRDA:57,6,1,2
BRF:13
BRH:12
end_of_record
